#
# A fatal error has been detected by the Java Runtime Environment:
#
#  EXCEPTION_ACCESS_VIOLATION (0xc0000005) at pc=0x000001e700000002, pid=9448, tid=11748
#
# JRE version: OpenJDK Runtime Environment (17.0.6) (build 17.0.6+0-b2043.56-10027231)
# Java VM: OpenJDK 64-Bit Server VM (17.0.6+0-b2043.56-10027231, mixed mode, tiered, compressed oops, compressed class ptrs, g1 gc, windows-amd64)
# Problematic frame:
# C  0x000001e700000002
#
# No core dump will be written. Minidumps are not enabled by default on client versions of Windows
#
# If you would like to submit a bug report, please visit:
#   https://bugreport.java.com/bugreport/crash.jsp
#

---------------  S U M M A R Y ------------

Command Line: --add-opens=java.base/java.util=ALL-UNNAMED --add-opens=java.base/java.lang=ALL-UNNAMED --add-opens=java.base/java.lang.invoke=ALL-UNNAMED --add-opens=java.base/java.util=ALL-UNNAMED --add-opens=java.prefs/java.util.prefs=ALL-UNNAMED --add-opens=java.prefs/java.util.prefs=ALL-UNNAMED --add-opens=java.base/java.nio.charset=ALL-UNNAMED --add-opens=java.base/java.net=ALL-UNNAMED --add-opens=java.base/java.util.concurrent.atomic=ALL-UNNAMED -Xmx1536m -Dfile.encoding=windows-1252 -Duser.country=IN -Duser.language=en -Duser.variant org.gradle.launcher.daemon.bootstrap.GradleDaemon 7.5.1

Host: Intel(R) Core(TM) i5-4670T CPU @ 2.30GHz, 4 cores, 15G,  Windows 10 , 64 bit Build 19041 (10.0.19041.3155)
Time: Fri Sep 15 09:15:25 2023 India Standard Time elapsed time: 61.852503 seconds (0d 0h 1m 1s)

---------------  T H R E A D  ---------------

Current thread (0x00000255474b1120):  GCTaskThread "GC Thread#3" [stack: 0x000000fa26600000,0x000000fa26700000] [id=11748]

Stack: [0x000000fa26600000,0x000000fa26700000],  sp=0x000000fa266ff1b8,  free space=1020k
Native frames: (J=compiled Java code, j=interpreted, Vv=VM code, C=native code)
C  0x000001e700000002


siginfo: EXCEPTION_ACCESS_VIOLATION (0xc0000005), data execution prevention violation at address 0x000001e700000002


Register to memory mapping:

RIP=0x000001e700000002 is an unknown value
RAX=0x0000000000000255 is an unknown value
RBX=0x0000000000000009 is an unknown value
RCX=0x0000025551b2f720 points into unknown readable memory: 0x00007ff8b5bb76c0 | c0 76 bb b5 f8 7f 00 00
RDX=0x00000000ac433540 points into unknown readable memory: 0x00000000ac433543 | 43 35 43 ac 00 00 00 00
RSP=0x000000fa266ff1b8 points into unknown readable memory: 0x00007ff8b555be6c | 6c be 55 b5 f8 7f 00 00
RBP=0x0000025551b2f5a0 points into unknown readable memory: 0x00007ff8b5bb7708 | 08 77 bb b5 f8 7f 00 00
RSI=0x00000000ac433540 points into unknown readable memory: 0x00000000ac433543 | 43 35 43 ac 00 00 00 00
RDI=0x0000000000000001 is an unknown value
R8 =0x0000000100e4e430 is pointing into metadata
R9 =0x00007ff8b5d74fb8 jvm.dll
R10=0x0000000000000002 is an unknown value
R11=0x000000fa266fefb0 points into unknown readable memory: 0x0000000000000000 | 00 00 00 00 00 00 00 00
R12=0x0000000008d001b6 is an unknown value
R13=0x0 is NULL
R14=0x0 is NULL
R15=0x00000000ac433540 points into unknown readable memory: 0x00000000ac433543 | 43 35 43 ac 00 00 00 00


Registers:
RAX=0x0000000000000255, RBX=0x0000000000000009, RCX=0x0000025551b2f720, RDX=0x00000000ac433540
RSP=0x000000fa266ff1b8, RBP=0x0000025551b2f5a0, RSI=0x00000000ac433540, RDI=0x0000000000000001
R8 =0x0000000100e4e430, R9 =0x00007ff8b5d74fb8, R10=0x0000000000000002, R11=0x000000fa266fefb0
R12=0x0000000008d001b6, R13=0x0000000000000000, R14=0x0000000000000000, R15=0x00000000ac433540
RIP=0x000001e700000002, EFLAGS=0x0000000000010206

Top of Stack: (sp=0x000000fa266ff1b8)
0x000000fa266ff1b8:   00007ff8b555be6c 0000000000000009
0x000000fa266ff1c8:   0000025551b2f5a0 00000000ac433540
0x000000fa266ff1d8:   0000025551b2f720 00000000ac433540
0x000000fa266ff1e8:   00000000a94f26b0 0000025551b2f5a0
0x000000fa266ff1f8:   0000000100e4e430 0000000000000001
0x000000fa266ff208:   00007ff8b555b707 0000000000000001
0x000000fa266ff218:   0000000000000000 0000000000000000
0x000000fa266ff228:   00000000a88f8000 0000000000000001
0x000000fa266ff238:   00007ff800000000 0000000000000009
0x000000fa266ff248:   0000025546372310 0000000000000001
0x000000fa266ff258:   00007ff8b5561b69 0000025551b2f720
0x000000fa266ff268:   0000000000000000 0000000000000040
0x000000fa266ff278:   000002552e270590 000000fa266ff530
0x000000fa266ff288:   0000025551b2f5a0 00000000a94f26a8
0x000000fa266ff298:   0000000000000e37 00000000a94f26a9
0x000000fa266ff2a8:   00007ff8b555c672 00000000ac410000 

Instructions: (pc=0x000001e700000002)
0x000001e6ffffff02:   ?? ?? ?? ?? ?? ?? ?? ?? ?? ?? ?? ?? ?? ?? ?? ??
0x000001e6ffffff12:   ?? ?? ?? ?? ?? ?? ?? ?? ?? ?? ?? ?? ?? ?? ?? ??
0x000001e6ffffff22:   ?? ?? ?? ?? ?? ?? ?? ?? ?? ?? ?? ?? ?? ?? ?? ??
0x000001e6ffffff32:   ?? ?? ?? ?? ?? ?? ?? ?? ?? ?? ?? ?? ?? ?? ?? ??
0x000001e6ffffff42:   ?? ?? ?? ?? ?? ?? ?? ?? ?? ?? ?? ?? ?? ?? ?? ??
0x000001e6ffffff52:   ?? ?? ?? ?? ?? ?? ?? ?? ?? ?? ?? ?? ?? ?? ?? ??
0x000001e6ffffff62:   ?? ?? ?? ?? ?? ?? ?? ?? ?? ?? ?? ?? ?? ?? ?? ??
0x000001e6ffffff72:   ?? ?? ?? ?? ?? ?? ?? ?? ?? ?? ?? ?? ?? ?? ?? ??
0x000001e6ffffff82:   ?? ?? ?? ?? ?? ?? ?? ?? ?? ?? ?? ?? ?? ?? ?? ??
0x000001e6ffffff92:   ?? ?? ?? ?? ?? ?? ?? ?? ?? ?? ?? ?? ?? ?? ?? ??
0x000001e6ffffffa2:   ?? ?? ?? ?? ?? ?? ?? ?? ?? ?? ?? ?? ?? ?? ?? ??
0x000001e6ffffffb2:   ?? ?? ?? ?? ?? ?? ?? ?? ?? ?? ?? ?? ?? ?? ?? ??
0x000001e6ffffffc2:   ?? ?? ?? ?? ?? ?? ?? ?? ?? ?? ?? ?? ?? ?? ?? ??
0x000001e6ffffffd2:   ?? ?? ?? ?? ?? ?? ?? ?? ?? ?? ?? ?? ?? ?? ?? ??
0x000001e6ffffffe2:   ?? ?? ?? ?? ?? ?? ?? ?? ?? ?? ?? ?? ?? ?? ?? ??
0x000001e6fffffff2:   ?? ?? ?? ?? ?? ?? ?? ?? ?? ?? ?? ?? ?? ?? ?? ??
0x000001e700000002:   ?? ?? ?? ?? ?? ?? ?? ?? ?? ?? ?? ?? ?? ?? ?? ??
0x000001e700000012:   ?? ?? ?? ?? ?? ?? ?? ?? ?? ?? ?? ?? ?? ?? ?? ??
0x000001e700000022:   ?? ?? ?? ?? ?? ?? ?? ?? ?? ?? ?? ?? ?? ?? ?? ??
0x000001e700000032:   ?? ?? ?? ?? ?? ?? ?? ?? ?? ?? ?? ?? ?? ?? ?? ??
0x000001e700000042:   ?? ?? ?? ?? ?? ?? ?? ?? ?? ?? ?? ?? ?? ?? ?? ??
0x000001e700000052:   ?? ?? ?? ?? ?? ?? ?? ?? ?? ?? ?? ?? ?? ?? ?? ??
0x000001e700000062:   ?? ?? ?? ?? ?? ?? ?? ?? ?? ?? ?? ?? ?? ?? ?? ??
0x000001e700000072:   ?? ?? ?? ?? ?? ?? ?? ?? ?? ?? ?? ?? ?? ?? ?? ??
0x000001e700000082:   ?? ?? ?? ?? ?? ?? ?? ?? ?? ?? ?? ?? ?? ?? ?? ??
0x000001e700000092:   ?? ?? ?? ?? ?? ?? ?? ?? ?? ?? ?? ?? ?? ?? ?? ??
0x000001e7000000a2:   ?? ?? ?? ?? ?? ?? ?? ?? ?? ?? ?? ?? ?? ?? ?? ??
0x000001e7000000b2:   ?? ?? ?? ?? ?? ?? ?? ?? ?? ?? ?? ?? ?? ?? ?? ??
0x000001e7000000c2:   ?? ?? ?? ?? ?? ?? ?? ?? ?? ?? ?? ?? ?? ?? ?? ??
0x000001e7000000d2:   ?? ?? ?? ?? ?? ?? ?? ?? ?? ?? ?? ?? ?? ?? ?? ??
0x000001e7000000e2:   ?? ?? ?? ?? ?? ?? ?? ?? ?? ?? ?? ?? ?? ?? ?? ??
0x000001e7000000f2:   ?? ?? ?? ?? ?? ?? ?? ?? ?? ?? ?? ?? ?? ?? ?? ?? 


Stack slot to memory mapping:
stack at sp + 0 slots: 0x00007ff8b555be6c jvm.dll
stack at sp + 1 slots: 0x0000000000000009 is an unknown value
stack at sp + 2 slots: 0x0000025551b2f5a0 points into unknown readable memory: 0x00007ff8b5bb7708 | 08 77 bb b5 f8 7f 00 00
stack at sp + 3 slots: 0x00000000ac433540 points into unknown readable memory: 0x00000000ac433543 | 43 35 43 ac 00 00 00 00
stack at sp + 4 slots: 0x0000025551b2f720 points into unknown readable memory: 0x00007ff8b5bb76c0 | c0 76 bb b5 f8 7f 00 00
stack at sp + 5 slots: 0x00000000ac433540 points into unknown readable memory: 0x00000000ac433543 | 43 35 43 ac 00 00 00 00
stack at sp + 6 slots: 0x00000000a94f26b0 is an oop: java.lang.String 
{0x00000000a94f26b0} - klass: 'java/lang/String'

[error occurred during error reporting (inspecting top of stack), id 0xc0000005, EXCEPTION_ACCESS_VIOLATION (0xc0000005) at pc=0x00007ff8b55c73d2]


---------------  P R O C E S S  ---------------

Threads class SMR info:
_java_thread_list=0x000002554de74670, length=88, elements={
0x000002552e258800, 0x000002554654c1e0, 0x000002554654cf60, 0x0000025547051410,
0x0000025547054df0, 0x00000255470556b0, 0x0000025547055f70, 0x0000025547056c10,
0x00000255470b5430, 0x00000255470c4100, 0x00000255471c4310, 0x00000255471c47e0,
0x00000255489d3e50, 0x00000255499d25b0, 0x00000255477dd030, 0x00000255486e9290,
0x000002554772be10, 0x000002554772c2e0, 0x0000025548967030, 0x0000025548990800,
0x00000255489924e0, 0x0000025548992010, 0x000002554898f990, 0x00000255489929b0,
0x0000025548993350, 0x0000025548991b40, 0x0000025548992e80, 0x0000025548990330,
0x00000255489911a0, 0x00000255479090f0, 0x0000025547909f60, 0x000002554790ddf0,
0x0000025547907db0, 0x0000025547908280, 0x0000025547908750, 0x000002554790d450,
0x000002554790ec60, 0x000002554790b2a0, 0x000002554790e2c0, 0x00000255479078e0,
0x00000255479095c0, 0x0000025547908c20, 0x000002554790bc40, 0x000002554790b770,
0x0000025547909a90, 0x000002554790c5e0, 0x000002554790a900, 0x000002554790cf80,
0x000002554790d920, 0x000002554a2a6d50, 0x000002554a2aa240, 0x000002554a2a5070,
0x000002554a2a2ec0, 0x000002554a2a5ee0, 0x000002554a2a4200, 0x000002554a2a8560,
0x000002554a2a3860, 0x000002554a2a5a10, 0x000002554a2a93d0, 0x000002554a2a3d30,
0x000002554a2a46d0, 0x000002554a2a63b0, 0x000002554a2aa710, 0x000002554a2a3390,
0x000002554a2a8a30, 0x000002554a2a98a0, 0x000002554a2a5540, 0x000002554a2a6880,
0x000002554a2a8f00, 0x000002554a2a7220, 0x000002554a2a9d70, 0x000002554a2a4ba0,
0x000002554a2a76f0, 0x000002554a2a7bc0, 0x000002554a2a8090, 0x0000025548a5d870,
0x0000025548a64250, 0x0000025548a5dd40, 0x0000025548a60890, 0x0000025548a5ebb0,
0x0000025548a5f550, 0x0000025549e2c870, 0x0000025548a620a0, 0x0000025548a5fef0,
0x0000025548a62f10, 0x0000025548a633e0, 0x0000025548a63d80, 0x0000025548a5ced0
}

Java Threads: ( => current thread )
  0x000002552e258800 JavaThread "main" [_thread_blocked, id=12224, stack(0x000000fa24f00000,0x000000fa25000000)]
  0x000002554654c1e0 JavaThread "Reference Handler" daemon [_thread_blocked, id=8784, stack(0x000000fa25700000,0x000000fa25800000)]
  0x000002554654cf60 JavaThread "Finalizer" daemon [_thread_blocked, id=8812, stack(0x000000fa25800000,0x000000fa25900000)]
  0x0000025547051410 JavaThread "Signal Dispatcher" daemon [_thread_blocked, id=10396, stack(0x000000fa25900000,0x000000fa25a00000)]
  0x0000025547054df0 JavaThread "Attach Listener" daemon [_thread_blocked, id=9392, stack(0x000000fa25a00000,0x000000fa25b00000)]
  0x00000255470556b0 JavaThread "Service Thread" daemon [_thread_blocked, id=11148, stack(0x000000fa25b00000,0x000000fa25c00000)]
  0x0000025547055f70 JavaThread "Monitor Deflation Thread" daemon [_thread_blocked, id=10432, stack(0x000000fa25c00000,0x000000fa25d00000)]
  0x0000025547056c10 JavaThread "C2 CompilerThread0" daemon [_thread_blocked, id=4528, stack(0x000000fa25d00000,0x000000fa25e00000)]
  0x00000255470b5430 JavaThread "C1 CompilerThread0" daemon [_thread_blocked, id=11496, stack(0x000000fa25e00000,0x000000fa25f00000)]
  0x00000255470c4100 JavaThread "Sweeper thread" daemon [_thread_blocked, id=592, stack(0x000000fa25f00000,0x000000fa26000000)]
  0x00000255471c4310 JavaThread "Common-Cleaner" daemon [_thread_blocked, id=9124, stack(0x000000fa26000000,0x000000fa26100000)]
  0x00000255471c47e0 JavaThread "Notification Thread" daemon [_thread_blocked, id=3212, stack(0x000000fa26100000,0x000000fa26200000)]
  0x00000255489d3e50 JavaThread "Daemon health stats" [_thread_blocked, id=9876, stack(0x000000fa26300000,0x000000fa26400000)]
  0x00000255499d25b0 JavaThread "Incoming local TCP Connector on port 50083" [_thread_in_native, id=11680, stack(0x000000fa26700000,0x000000fa26800000)]
  0x00000255477dd030 JavaThread "Daemon periodic checks" [_thread_blocked, id=1652, stack(0x000000fa26800000,0x000000fa26900000)]
  0x00000255486e9290 JavaThread "Daemon" [_thread_blocked, id=10880, stack(0x000000fa26900000,0x000000fa26a00000)]
  0x000002554772be10 JavaThread "Handler for socket connection from /127.0.0.1:50083 to /127.0.0.1:50084" [_thread_in_native, id=6480, stack(0x000000fa26a00000,0x000000fa26b00000)]
  0x000002554772c2e0 JavaThread "Cancel handler" [_thread_blocked, id=11520, stack(0x000000fa26b00000,0x000000fa26c00000)]
  0x0000025548967030 JavaThread "Daemon worker" [_thread_blocked, id=11096, stack(0x000000fa26c00000,0x000000fa26d00000)]
  0x0000025548990800 JavaThread "Asynchronous log dispatcher for DefaultDaemonConnection: socket connection from /127.0.0.1:50083 to /127.0.0.1:50084" [_thread_blocked, id=11660, stack(0x000000fa26d00000,0x000000fa26e00000)]
  0x00000255489924e0 JavaThread "Stdin handler" [_thread_blocked, id=8676, stack(0x000000fa26e00000,0x000000fa26f00000)]
  0x0000025548992010 JavaThread "Daemon client event forwarder" [_thread_blocked, id=11872, stack(0x000000fa26f00000,0x000000fa27000000)]
  0x000002554898f990 JavaThread "Cache worker for journal cache (C:\Users\Admin\.gradle\caches\journal-1)" [_thread_blocked, id=3476, stack(0x000000fa27000000,0x000000fa27100000)]
  0x00000255489929b0 JavaThread "File lock request listener" [_thread_in_native, id=2328, stack(0x000000fa27100000,0x000000fa27200000)]
  0x0000025548993350 JavaThread "Cache worker for file hash cache (C:\Users\Admin\.gradle\caches\7.5.1\fileHashes)" [_thread_blocked, id=5744, stack(0x000000fa27200000,0x000000fa27300000)]
  0x0000025548991b40 JavaThread "Cache worker for file hash cache (E:\Dishant\pro\HubzDriver\DOTAdmin\DoTAdminGithub\.gradle\7.5.1\fileHashes)" [_thread_blocked, id=1696, stack(0x000000fa27400000,0x000000fa27500000)]
  0x0000025548992e80 JavaThread "Cache worker for file content cache (C:\Users\Admin\.gradle\caches\7.5.1\fileContent)" [_thread_blocked, id=4264, stack(0x000000fa27300000,0x000000fa27400000)]
  0x0000025548990330 JavaThread "Cache worker for checksums cache (E:\Dishant\pro\HubzDriver\DOTAdmin\DoTAdminGithub\.gradle\7.5.1\checksums)" [_thread_blocked, id=1708, stack(0x000000fa27500000,0x000000fa27600000)]
  0x00000255489911a0 JavaThread "File watcher server" daemon [_thread_blocked, id=72, stack(0x000000fa27600000,0x000000fa27700000)]
  0x00000255479090f0 JavaThread "File watcher consumer" daemon [_thread_blocked, id=4488, stack(0x000000fa27700000,0x000000fa27800000)]
  0x0000025547909f60 JavaThread "Cache worker for cache directory md-rule (C:\Users\Admin\.gradle\caches\7.5.1\md-rule)" [_thread_blocked, id=3504, stack(0x000000fa27800000,0x000000fa27900000)]
  0x000002554790ddf0 JavaThread "Cache worker for cache directory md-supplier (C:\Users\Admin\.gradle\caches\7.5.1\md-supplier)" [_thread_blocked, id=1428, stack(0x000000fa27b00000,0x000000fa27c00000)]
  0x0000025547907db0 JavaThread "Cache worker for execution history cache (C:\Users\Admin\.gradle\caches\7.5.1\executionHistory)" [_thread_blocked, id=2100, stack(0x000000fa27c00000,0x000000fa27d00000)]
  0x0000025547908280 JavaThread "jar transforms" [_thread_blocked, id=4416, stack(0x000000fa27d00000,0x000000fa27e00000)]
  0x0000025547908750 JavaThread "jar transforms Thread 2" [_thread_blocked, id=2312, stack(0x000000fa27e00000,0x000000fa27f00000)]
  0x000002554790d450 JavaThread "jar transforms Thread 3" [_thread_blocked, id=4272, stack(0x000000fa27900000,0x000000fa27a00000)]
  0x000002554790ec60 JavaThread "jar transforms Thread 4" [_thread_blocked, id=6716, stack(0x000000fa27f00000,0x000000fa28000000)]
  0x000002554790b2a0 JavaThread "Cache worker for dependencies-accessors (E:\Dishant\pro\HubzDriver\DOTAdmin\DoTAdminGithub\.gradle\7.5.1\dependencies-accessors)" [_thread_blocked, id=6764, stack(0x000000fa28100000,0x000000fa28200000)]
  0x000002554790e2c0 JavaThread "Cache worker for Build Output Cleanup Cache (E:\Dishant\pro\HubzDriver\DOTAdmin\DoTAdminGithub\.gradle\buildOutputCleanup)" [_thread_blocked, id=10092, stack(0x000000fa28000000,0x000000fa28100000)]
  0x00000255479078e0 JavaThread "Unconstrained build operations" [_thread_blocked, id=12144, stack(0x000000fa28300000,0x000000fa28400000)]
  0x00000255479095c0 JavaThread "Unconstrained build operations Thread 2" [_thread_blocked, id=2596, stack(0x000000fa28400000,0x000000fa28500000)]
  0x0000025547908c20 JavaThread "Unconstrained build operations Thread 3" [_thread_blocked, id=6172, stack(0x000000fa28500000,0x000000fa28600000)]
  0x000002554790bc40 JavaThread "Unconstrained build operations Thread 4" [_thread_blocked, id=380, stack(0x000000fa28600000,0x000000fa28700000)]
  0x000002554790b770 JavaThread "Unconstrained build operations Thread 5" [_thread_blocked, id=4216, stack(0x000000fa28700000,0x000000fa28800000)]
  0x0000025547909a90 JavaThread "Unconstrained build operations Thread 6" [_thread_blocked, id=7220, stack(0x000000fa28800000,0x000000fa28900000)]
  0x000002554790c5e0 JavaThread "Unconstrained build operations Thread 7" [_thread_blocked, id=11932, stack(0x000000fa28900000,0x000000fa28a00000)]
  0x000002554790a900 JavaThread "Unconstrained build operations Thread 8" [_thread_blocked, id=12184, stack(0x000000fa28a00000,0x000000fa28b00000)]
  0x000002554790cf80 JavaThread "Unconstrained build operations Thread 9" [_thread_blocked, id=11240, stack(0x000000fa28b00000,0x000000fa28c00000)]
  0x000002554790d920 JavaThread "Unconstrained build operations Thread 10" [_thread_blocked, id=10304, stack(0x000000fa28c00000,0x000000fa28d00000)]
  0x000002554a2a6d50 JavaThread "Unconstrained build operations Thread 11" [_thread_blocked, id=3676, stack(0x000000fa28d00000,0x000000fa28e00000)]
  0x000002554a2aa240 JavaThread "Unconstrained build operations Thread 12" [_thread_blocked, id=3644, stack(0x000000fa28e00000,0x000000fa28f00000)]
  0x000002554a2a5070 JavaThread "Unconstrained build operations Thread 13" [_thread_blocked, id=2140, stack(0x000000fa28f00000,0x000000fa29000000)]
  0x000002554a2a2ec0 JavaThread "Unconstrained build operations Thread 14" [_thread_blocked, id=11616, stack(0x000000fa29000000,0x000000fa29100000)]
  0x000002554a2a5ee0 JavaThread "Unconstrained build operations Thread 15" [_thread_blocked, id=10836, stack(0x000000fa29100000,0x000000fa29200000)]
  0x000002554a2a4200 JavaThread "Unconstrained build operations Thread 16" [_thread_blocked, id=6676, stack(0x000000fa29200000,0x000000fa29300000)]
  0x000002554a2a8560 JavaThread "Unconstrained build operations Thread 17" [_thread_blocked, id=9584, stack(0x000000fa29300000,0x000000fa29400000)]
  0x000002554a2a3860 JavaThread "Unconstrained build operations Thread 18" [_thread_blocked, id=12164, stack(0x000000fa29400000,0x000000fa29500000)]
  0x000002554a2a5a10 JavaThread "Unconstrained build operations Thread 19" [_thread_blocked, id=2020, stack(0x000000fa29500000,0x000000fa29600000)]
  0x000002554a2a93d0 JavaThread "Unconstrained build operations Thread 20" [_thread_blocked, id=7224, stack(0x000000fa29600000,0x000000fa29700000)]
  0x000002554a2a3d30 JavaThread "Unconstrained build operations Thread 21" [_thread_blocked, id=6616, stack(0x000000fa29700000,0x000000fa29800000)]
  0x000002554a2a46d0 JavaThread "Unconstrained build operations Thread 22" [_thread_blocked, id=6956, stack(0x000000fa29800000,0x000000fa29900000)]
  0x000002554a2a63b0 JavaThread "Unconstrained build operations Thread 23" [_thread_blocked, id=6952, stack(0x000000fa29900000,0x000000fa29a00000)]
  0x000002554a2aa710 JavaThread "Unconstrained build operations Thread 24" [_thread_blocked, id=4480, stack(0x000000fa29a00000,0x000000fa29b00000)]
  0x000002554a2a3390 JavaThread "Unconstrained build operations Thread 25" [_thread_blocked, id=1896, stack(0x000000fa29b00000,0x000000fa29c00000)]
  0x000002554a2a8a30 JavaThread "Unconstrained build operations Thread 26" [_thread_blocked, id=6860, stack(0x000000fa29c00000,0x000000fa29d00000)]
  0x000002554a2a98a0 JavaThread "Unconstrained build operations Thread 27" [_thread_blocked, id=6856, stack(0x000000fa29d00000,0x000000fa29e00000)]
  0x000002554a2a5540 JavaThread "Unconstrained build operations Thread 28" [_thread_blocked, id=8152, stack(0x000000fa29e00000,0x000000fa29f00000)]
  0x000002554a2a6880 JavaThread "Unconstrained build operations Thread 29" [_thread_blocked, id=9352, stack(0x000000fa29f00000,0x000000fa2a000000)]
  0x000002554a2a8f00 JavaThread "Unconstrained build operations Thread 30" [_thread_blocked, id=8844, stack(0x000000fa2a000000,0x000000fa2a100000)]
  0x000002554a2a7220 JavaThread "Unconstrained build operations Thread 31" [_thread_blocked, id=2588, stack(0x000000fa2a100000,0x000000fa2a200000)]
  0x000002554a2a9d70 JavaThread "Unconstrained build operations Thread 32" [_thread_blocked, id=1380, stack(0x000000fa2a200000,0x000000fa2a300000)]
  0x000002554a2a4ba0 JavaThread "Unconstrained build operations Thread 33" [_thread_blocked, id=1676, stack(0x000000fa2a300000,0x000000fa2a400000)]
  0x000002554a2a76f0 JavaThread "Unconstrained build operations Thread 34" [_thread_blocked, id=1720, stack(0x000000fa2a400000,0x000000fa2a500000)]
  0x000002554a2a7bc0 JavaThread "Unconstrained build operations Thread 35" [_thread_blocked, id=1752, stack(0x000000fa2a500000,0x000000fa2a600000)]
  0x000002554a2a8090 JavaThread "Unconstrained build operations Thread 36" [_thread_blocked, id=4436, stack(0x000000fa2a600000,0x000000fa2a700000)]
  0x0000025548a5d870 JavaThread "Unconstrained build operations Thread 37" [_thread_blocked, id=7480, stack(0x000000fa2a700000,0x000000fa2a800000)]
  0x0000025548a64250 JavaThread "Unconstrained build operations Thread 38" [_thread_blocked, id=6392, stack(0x000000fa2a800000,0x000000fa2a900000)]
  0x0000025548a5dd40 JavaThread "Unconstrained build operations Thread 39" [_thread_blocked, id=4388, stack(0x000000fa2a900000,0x000000fa2aa00000)]
  0x0000025548a60890 JavaThread "Unconstrained build operations Thread 40" [_thread_blocked, id=5580, stack(0x000000fa2aa00000,0x000000fa2ab00000)]
  0x0000025548a5ebb0 JavaThread "Configuration cache report writer" [_thread_blocked, id=5904, stack(0x000000fa2ab00000,0x000000fa2ac00000)]
  0x0000025548a5f550 JavaThread "Memory manager" [_thread_blocked, id=6868, stack(0x000000fa2ae00000,0x000000fa2af00000)]
  0x0000025549e2c870 JavaThread "C2 CompilerThread1" daemon [_thread_blocked, id=4704, stack(0x000000fa28200000,0x000000fa28300000)]
  0x0000025548a620a0 JavaThread "build event listener" [_thread_blocked, id=1236, stack(0x000000fa2af00000,0x000000fa2b000000)]
  0x0000025548a5fef0 JavaThread "included builds" [_thread_blocked, id=9140, stack(0x000000fa2b000000,0x000000fa2b100000)]
  0x0000025548a62f10 JavaThread "Execution worker" [_thread_blocked, id=3336, stack(0x000000fa2b100000,0x000000fa2b200000)]
  0x0000025548a633e0 JavaThread "Execution worker Thread 2" [_thread_blocked, id=12276, stack(0x000000fa2b200000,0x000000fa2b300000)]
  0x0000025548a63d80 JavaThread "Execution worker Thread 3" [_thread_blocked, id=10968, stack(0x000000fa2b300000,0x000000fa2b400000)]
  0x0000025548a5ced0 JavaThread "Cache worker for execution history cache (E:\Dishant\pro\HubzDriver\DOTAdmin\DoTAdminGithub\.gradle\7.5.1\executionHistory)" [_thread_blocked, id=3028, stack(0x000000fa2b400000,0x000000fa2b500000)]

Other Threads:
  0x000002554655e090 VMThread "VM Thread" [stack: 0x000000fa25600000,0x000000fa25700000] [id=2436]
  0x00000255471c70d0 WatcherThread [stack: 0x000000fa26200000,0x000000fa26300000] [id=9184]
  0x000002552e2a3ff0 GCTaskThread "GC Thread#0" [stack: 0x000000fa25100000,0x000000fa25200000] [id=5620]
  0x00000255474b0bc0 GCTaskThread "GC Thread#1" [stack: 0x000000fa26400000,0x000000fa26500000] [id=10568]
  0x00000255474b0e70 GCTaskThread "GC Thread#2" [stack: 0x000000fa26500000,0x000000fa26600000] [id=2784]
=>0x00000255474b1120 GCTaskThread "GC Thread#3" [stack: 0x000000fa26600000,0x000000fa26700000] [id=11748]
  0x000002552e2b0e40 ConcurrentGCThread "G1 Main Marker" [stack: 0x000000fa25200000,0x000000fa25300000] [id=5520]
  0x000002552e2b1760 ConcurrentGCThread "G1 Conc#0" [stack: 0x000000fa25300000,0x000000fa25400000] [id=2612]
  0x000002552e32e250 ConcurrentGCThread "G1 Refine#0" [stack: 0x000000fa25400000,0x000000fa25500000] [id=3280]
  0x0000025547700380 ConcurrentGCThread "G1 Refine#1" [stack: 0x000000fa27a00000,0x000000fa27b00000] [id=2420]
  0x000002552e32eb80 ConcurrentGCThread "G1 Service" [stack: 0x000000fa25500000,0x000000fa25600000] [id=2128]

Threads with active compile tasks:
C2 CompilerThread0    61937 14753       4       org.gradle.internal.execution.fingerprint.InputFingerprinter$FileValueSupplier::<init> (32 bytes)
C2 CompilerThread1    61937 14748       4       org.gradle.internal.execution.history.changes.CompareStrategy::visitChangesSince (83 bytes)

VM state: at safepoint (normal execution)

VM Mutex/Monitor currently owned by a thread:  ([mutex/lock_event])
[0x000002552e253d00] Threads_lock - owner thread: 0x000002554655e090
[0x000002552e2540f0] Heap_lock - owner thread: 0x0000025548a62f10

Heap address: 0x00000000a0000000, size: 1536 MB, Compressed Oops mode: 32-bit

CDS archive(s) not mapped
Compressed class space mapped at: 0x0000000100000000-0x0000000140000000, reserved size: 1073741824
Narrow klass base: 0x0000000000000000, Narrow klass shift: 3, Narrow klass range: 0x140000000

GC Precious Log:
 CPUs: 4 total, 4 available
 Memory: 16295M
 Large Page Support: Disabled
 NUMA Support: Disabled
 Compressed Oops: Enabled (32-bit)
 Heap Region Size: 1M
 Heap Min Capacity: 8M
 Heap Initial Capacity: 256M
 Heap Max Capacity: 1536M
 Pre-touch: Disabled
 Parallel Workers: 4
 Concurrent Workers: 1
 Concurrent Refinement Workers: 4
 Periodic GC: Disabled

Heap:
 garbage-first heap   total 280576K, used 228221K [0x00000000a0000000, 0x0000000100000000)
  region size 1024K, 75 young (76800K), 6 survivors (6144K)
 Metaspace       used 105233K, committed 106176K, reserved 1146880K
  class space    used 14318K, committed 14720K, reserved 1048576K

Heap Regions: E=young(eden), S=young(survivor), O=old, HS=humongous(starts), HC=humongous(continues), CS=collection set, F=free, OA=open archive, CA=closed archive, TAMS=top-at-mark-start (previous, next)
|   0|0x00000000a0000000, 0x00000000a0100000, 0x00000000a0100000|100%|HS|  |TAMS 0x00000000a0100000, 0x00000000a0100000| Complete 
|   1|0x00000000a0100000, 0x00000000a0200000, 0x00000000a0200000|100%|HC|  |TAMS 0x00000000a0200000, 0x00000000a0200000| Complete 
|   2|0x00000000a0200000, 0x00000000a0300000, 0x00000000a0300000|100%|HC|  |TAMS 0x00000000a0300000, 0x00000000a0300000| Complete 
|   3|0x00000000a0300000, 0x00000000a0400000, 0x00000000a0400000|100%| O|  |TAMS 0x00000000a0400000, 0x00000000a0400000| Untracked 
|   4|0x00000000a0400000, 0x00000000a0500000, 0x00000000a0500000|100%| O|  |TAMS 0x00000000a0500000, 0x00000000a0500000| Untracked 
|   5|0x00000000a0500000, 0x00000000a0600000, 0x00000000a0600000|100%| O|  |TAMS 0x00000000a0600000, 0x00000000a0600000| Untracked 
|   6|0x00000000a0600000, 0x00000000a0700000, 0x00000000a0700000|100%| O|  |TAMS 0x00000000a0700000, 0x00000000a0700000| Untracked 
|   7|0x00000000a0700000, 0x00000000a0800000, 0x00000000a0800000|100%| O|  |TAMS 0x00000000a0800000, 0x00000000a0800000| Untracked 
|   8|0x00000000a0800000, 0x00000000a0900000, 0x00000000a0900000|100%| O|  |TAMS 0x00000000a0900000, 0x00000000a0900000| Untracked 
|   9|0x00000000a0900000, 0x00000000a0a00000, 0x00000000a0a00000|100%| O|  |TAMS 0x00000000a0a00000, 0x00000000a0a00000| Untracked 
|  10|0x00000000a0a00000, 0x00000000a0b00000, 0x00000000a0b00000|100%| O|  |TAMS 0x00000000a0b00000, 0x00000000a0b00000| Untracked 
|  11|0x00000000a0b00000, 0x00000000a0c00000, 0x00000000a0c00000|100%| O|  |TAMS 0x00000000a0c00000, 0x00000000a0c00000| Untracked 
|  12|0x00000000a0c00000, 0x00000000a0d00000, 0x00000000a0d00000|100%| O|  |TAMS 0x00000000a0d00000, 0x00000000a0d00000| Untracked 
|  13|0x00000000a0d00000, 0x00000000a0e00000, 0x00000000a0e00000|100%| O|  |TAMS 0x00000000a0e00000, 0x00000000a0e00000| Untracked 
|  14|0x00000000a0e00000, 0x00000000a0f00000, 0x00000000a0f00000|100%| O|  |TAMS 0x00000000a0f00000, 0x00000000a0f00000| Untracked 
|  15|0x00000000a0f00000, 0x00000000a1000000, 0x00000000a1000000|100%| O|  |TAMS 0x00000000a1000000, 0x00000000a1000000| Untracked 
|  16|0x00000000a1000000, 0x00000000a1100000, 0x00000000a1100000|100%| O|  |TAMS 0x00000000a1100000, 0x00000000a1100000| Untracked 
|  17|0x00000000a1100000, 0x00000000a1200000, 0x00000000a1200000|100%| O|  |TAMS 0x00000000a1200000, 0x00000000a1200000| Untracked 
|  18|0x00000000a1200000, 0x00000000a1300000, 0x00000000a1300000|100%| O|  |TAMS 0x00000000a1300000, 0x00000000a1300000| Untracked 
|  19|0x00000000a1300000, 0x00000000a1400000, 0x00000000a1400000|100%| O|  |TAMS 0x00000000a1400000, 0x00000000a1400000| Untracked 
|  20|0x00000000a1400000, 0x00000000a1500000, 0x00000000a1500000|100%| O|  |TAMS 0x00000000a1500000, 0x00000000a1500000| Untracked 
|  21|0x00000000a1500000, 0x00000000a1600000, 0x00000000a1600000|100%| O|  |TAMS 0x00000000a1600000, 0x00000000a1600000| Untracked 
|  22|0x00000000a1600000, 0x00000000a1700000, 0x00000000a1700000|100%| O|  |TAMS 0x00000000a1700000, 0x00000000a1700000| Untracked 
|  23|0x00000000a1700000, 0x00000000a1800000, 0x00000000a1800000|100%| O|  |TAMS 0x00000000a1800000, 0x00000000a1800000| Untracked 
|  24|0x00000000a1800000, 0x00000000a1900000, 0x00000000a1900000|100%| O|  |TAMS 0x00000000a1900000, 0x00000000a1900000| Untracked 
|  25|0x00000000a1900000, 0x00000000a1a00000, 0x00000000a1a00000|100%| O|  |TAMS 0x00000000a1a00000, 0x00000000a1a00000| Untracked 
|  26|0x00000000a1a00000, 0x00000000a1b00000, 0x00000000a1b00000|100%| O|  |TAMS 0x00000000a1b00000, 0x00000000a1b00000| Untracked 
|  27|0x00000000a1b00000, 0x00000000a1c00000, 0x00000000a1c00000|100%| O|  |TAMS 0x00000000a1c00000, 0x00000000a1c00000| Untracked 
|  28|0x00000000a1c00000, 0x00000000a1d00000, 0x00000000a1d00000|100%| O|  |TAMS 0x00000000a1d00000, 0x00000000a1d00000| Untracked 
|  29|0x00000000a1d00000, 0x00000000a1e00000, 0x00000000a1e00000|100%| O|  |TAMS 0x00000000a1e00000, 0x00000000a1e00000| Untracked 
|  30|0x00000000a1e00000, 0x00000000a1f00000, 0x00000000a1f00000|100%| O|  |TAMS 0x00000000a1f00000, 0x00000000a1f00000| Untracked 
|  31|0x00000000a1f00000, 0x00000000a2000000, 0x00000000a2000000|100%| O|  |TAMS 0x00000000a2000000, 0x00000000a2000000| Untracked 
|  32|0x00000000a2000000, 0x00000000a2100000, 0x00000000a2100000|100%| O|  |TAMS 0x00000000a2100000, 0x00000000a2100000| Untracked 
|  33|0x00000000a2100000, 0x00000000a2200000, 0x00000000a2200000|100%| O|  |TAMS 0x00000000a2200000, 0x00000000a2200000| Untracked 
|  34|0x00000000a2200000, 0x00000000a2300000, 0x00000000a2300000|100%| O|  |TAMS 0x00000000a2300000, 0x00000000a2300000| Untracked 
|  35|0x00000000a2300000, 0x00000000a2400000, 0x00000000a2400000|100%| O|  |TAMS 0x00000000a2400000, 0x00000000a2400000| Untracked 
|  36|0x00000000a2400000, 0x00000000a2500000, 0x00000000a2500000|100%| O|  |TAMS 0x00000000a2500000, 0x00000000a2500000| Untracked 
|  37|0x00000000a2500000, 0x00000000a2600000, 0x00000000a2600000|100%| O|  |TAMS 0x00000000a2600000, 0x00000000a2600000| Untracked 
|  38|0x00000000a2600000, 0x00000000a2700000, 0x00000000a2700000|100%| O|  |TAMS 0x00000000a2700000, 0x00000000a2700000| Untracked 
|  39|0x00000000a2700000, 0x00000000a2800000, 0x00000000a2800000|100%| O|  |TAMS 0x00000000a2700000, 0x00000000a2800000| Untracked 
|  40|0x00000000a2800000, 0x00000000a2900000, 0x00000000a2900000|100%| O|  |TAMS 0x00000000a2900000, 0x00000000a2900000| Untracked 
|  41|0x00000000a2900000, 0x00000000a2a00000, 0x00000000a2a00000|100%| O|  |TAMS 0x00000000a2900000, 0x00000000a2a00000| Untracked 
|  42|0x00000000a2a00000, 0x00000000a2b00000, 0x00000000a2b00000|100%| O|  |TAMS 0x00000000a2b00000, 0x00000000a2b00000| Untracked 
|  43|0x00000000a2b00000, 0x00000000a2c00000, 0x00000000a2c00000|100%|HS|  |TAMS 0x00000000a2c00000, 0x00000000a2c00000| Complete 
|  44|0x00000000a2c00000, 0x00000000a2d00000, 0x00000000a2d00000|100%|HS|  |TAMS 0x00000000a2d00000, 0x00000000a2d00000| Complete 
|  45|0x00000000a2d00000, 0x00000000a2e00000, 0x00000000a2e00000|100%|HS|  |TAMS 0x00000000a2e00000, 0x00000000a2e00000| Complete 
|  46|0x00000000a2e00000, 0x00000000a2f00000, 0x00000000a2f00000|100%|HC|  |TAMS 0x00000000a2f00000, 0x00000000a2f00000| Complete 
|  47|0x00000000a2f00000, 0x00000000a3000000, 0x00000000a3000000|100%| O|  |TAMS 0x00000000a3000000, 0x00000000a3000000| Untracked 
|  48|0x00000000a3000000, 0x00000000a3100000, 0x00000000a3100000|100%|HS|  |TAMS 0x00000000a3100000, 0x00000000a3100000| Complete 
|  49|0x00000000a3100000, 0x00000000a3200000, 0x00000000a3200000|100%|HC|  |TAMS 0x00000000a3200000, 0x00000000a3200000| Complete 
|  50|0x00000000a3200000, 0x00000000a3300000, 0x00000000a3300000|100%|HC|  |TAMS 0x00000000a3300000, 0x00000000a3300000| Complete 
|  51|0x00000000a3300000, 0x00000000a3400000, 0x00000000a3400000|100%|HC|  |TAMS 0x00000000a3400000, 0x00000000a3400000| Complete 
|  52|0x00000000a3400000, 0x00000000a3500000, 0x00000000a3500000|100%|HS|  |TAMS 0x00000000a3500000, 0x00000000a3500000| Complete 
|  53|0x00000000a3500000, 0x00000000a3600000, 0x00000000a3600000|100%|HC|  |TAMS 0x00000000a3600000, 0x00000000a3600000| Complete 
|  54|0x00000000a3600000, 0x00000000a3700000, 0x00000000a3700000|100%| O|  |TAMS 0x00000000a3700000, 0x00000000a3700000| Untracked 
|  55|0x00000000a3700000, 0x00000000a3800000, 0x00000000a3800000|100%| O|  |TAMS 0x00000000a3800000, 0x00000000a3800000| Untracked 
|  56|0x00000000a3800000, 0x00000000a3900000, 0x00000000a3900000|100%| O|  |TAMS 0x00000000a3900000, 0x00000000a3900000| Untracked 
|  57|0x00000000a3900000, 0x00000000a3a00000, 0x00000000a3a00000|100%| O|  |TAMS 0x00000000a3a00000, 0x00000000a3a00000| Untracked 
|  58|0x00000000a3a00000, 0x00000000a3b00000, 0x00000000a3b00000|100%| O|  |TAMS 0x00000000a3b00000, 0x00000000a3b00000| Untracked 
|  59|0x00000000a3b00000, 0x00000000a3c00000, 0x00000000a3c00000|100%| O|  |TAMS 0x00000000a3c00000, 0x00000000a3c00000| Untracked 
|  60|0x00000000a3c00000, 0x00000000a3d00000, 0x00000000a3d00000|100%| O|  |TAMS 0x00000000a3d00000, 0x00000000a3d00000| Untracked 
|  61|0x00000000a3d00000, 0x00000000a3e00000, 0x00000000a3e00000|100%| O|  |TAMS 0x00000000a3e00000, 0x00000000a3e00000| Untracked 
|  62|0x00000000a3e00000, 0x00000000a3f00000, 0x00000000a3f00000|100%| O|  |TAMS 0x00000000a3f00000, 0x00000000a3f00000| Untracked 
|  63|0x00000000a3f00000, 0x00000000a4000000, 0x00000000a4000000|100%| O|  |TAMS 0x00000000a4000000, 0x00000000a4000000| Untracked 
|  64|0x00000000a4000000, 0x00000000a4100000, 0x00000000a4100000|100%| O|  |TAMS 0x00000000a4100000, 0x00000000a4100000| Untracked 
|  65|0x00000000a4100000, 0x00000000a4200000, 0x00000000a4200000|100%| O|  |TAMS 0x00000000a4200000, 0x00000000a4200000| Untracked 
|  66|0x00000000a4200000, 0x00000000a4300000, 0x00000000a4300000|100%| O|  |TAMS 0x00000000a4300000, 0x00000000a4300000| Untracked 
|  67|0x00000000a4300000, 0x00000000a4400000, 0x00000000a4400000|100%| O|  |TAMS 0x00000000a4400000, 0x00000000a4400000| Untracked 
|  68|0x00000000a4400000, 0x00000000a4500000, 0x00000000a4500000|100%| O|  |TAMS 0x00000000a4500000, 0x00000000a4500000| Untracked 
|  69|0x00000000a4500000, 0x00000000a4600000, 0x00000000a4600000|100%| O|  |TAMS 0x00000000a4600000, 0x00000000a4600000| Untracked 
|  70|0x00000000a4600000, 0x00000000a4700000, 0x00000000a4700000|100%| O|  |TAMS 0x00000000a4700000, 0x00000000a4700000| Untracked 
|  71|0x00000000a4700000, 0x00000000a4800000, 0x00000000a4800000|100%| O|  |TAMS 0x00000000a4800000, 0x00000000a4800000| Untracked 
|  72|0x00000000a4800000, 0x00000000a4900000, 0x00000000a4900000|100%| O|  |TAMS 0x00000000a4900000, 0x00000000a4900000| Untracked 
|  73|0x00000000a4900000, 0x00000000a4a00000, 0x00000000a4a00000|100%| O|  |TAMS 0x00000000a4a00000, 0x00000000a4a00000| Untracked 
|  74|0x00000000a4a00000, 0x00000000a4b00000, 0x00000000a4b00000|100%| O|  |TAMS 0x00000000a4b00000, 0x00000000a4b00000| Untracked 
|  75|0x00000000a4b00000, 0x00000000a4c00000, 0x00000000a4c00000|100%| O|  |TAMS 0x00000000a4c00000, 0x00000000a4c00000| Untracked 
|  76|0x00000000a4c00000, 0x00000000a4d00000, 0x00000000a4d00000|100%| O|  |TAMS 0x00000000a4d00000, 0x00000000a4d00000| Untracked 
|  77|0x00000000a4d00000, 0x00000000a4e00000, 0x00000000a4e00000|100%| O|  |TAMS 0x00000000a4e00000, 0x00000000a4e00000| Untracked 
|  78|0x00000000a4e00000, 0x00000000a4f00000, 0x00000000a4f00000|100%| O|  |TAMS 0x00000000a4f00000, 0x00000000a4f00000| Untracked 
|  79|0x00000000a4f00000, 0x00000000a5000000, 0x00000000a5000000|100%| O|  |TAMS 0x00000000a5000000, 0x00000000a5000000| Untracked 
|  80|0x00000000a5000000, 0x00000000a5100000, 0x00000000a5100000|100%| O|  |TAMS 0x00000000a5100000, 0x00000000a5100000| Untracked 
|  81|0x00000000a5100000, 0x00000000a5200000, 0x00000000a5200000|100%| O|  |TAMS 0x00000000a5200000, 0x00000000a5200000| Untracked 
|  82|0x00000000a5200000, 0x00000000a5300000, 0x00000000a5300000|100%| O|  |TAMS 0x00000000a5300000, 0x00000000a5300000| Untracked 
|  83|0x00000000a5300000, 0x00000000a5400000, 0x00000000a5400000|100%| O|  |TAMS 0x00000000a5400000, 0x00000000a5400000| Untracked 
|  84|0x00000000a5400000, 0x00000000a5500000, 0x00000000a5500000|100%| O|  |TAMS 0x00000000a5500000, 0x00000000a5500000| Untracked 
|  85|0x00000000a5500000, 0x00000000a5600000, 0x00000000a5600000|100%| O|  |TAMS 0x00000000a5600000, 0x00000000a5600000| Untracked 
|  86|0x00000000a5600000, 0x00000000a5700000, 0x00000000a5700000|100%| O|  |TAMS 0x00000000a5700000, 0x00000000a5700000| Untracked 
|  87|0x00000000a5700000, 0x00000000a5800000, 0x00000000a5800000|100%| O|  |TAMS 0x00000000a5800000, 0x00000000a5800000| Untracked 
|  88|0x00000000a5800000, 0x00000000a5900000, 0x00000000a5900000|100%| O|  |TAMS 0x00000000a5900000, 0x00000000a5900000| Untracked 
|  89|0x00000000a5900000, 0x00000000a5a00000, 0x00000000a5a00000|100%| O|  |TAMS 0x00000000a5a00000, 0x00000000a5a00000| Untracked 
|  90|0x00000000a5a00000, 0x00000000a5b00000, 0x00000000a5b00000|100%| O|  |TAMS 0x00000000a5b00000, 0x00000000a5b00000| Untracked 
|  91|0x00000000a5b00000, 0x00000000a5c00000, 0x00000000a5c00000|100%| O|  |TAMS 0x00000000a5c00000, 0x00000000a5c00000| Untracked 
|  92|0x00000000a5c00000, 0x00000000a5d00000, 0x00000000a5d00000|100%| O|  |TAMS 0x00000000a5d00000, 0x00000000a5d00000| Untracked 
|  93|0x00000000a5d00000, 0x00000000a5e00000, 0x00000000a5e00000|100%| O|  |TAMS 0x00000000a5e00000, 0x00000000a5e00000| Untracked 
|  94|0x00000000a5e00000, 0x00000000a5f00000, 0x00000000a5f00000|100%| O|  |TAMS 0x00000000a5f00000, 0x00000000a5f00000| Untracked 
|  95|0x00000000a5f00000, 0x00000000a6000000, 0x00000000a6000000|100%| O|  |TAMS 0x00000000a6000000, 0x00000000a6000000| Untracked 
|  96|0x00000000a6000000, 0x00000000a6100000, 0x00000000a6100000|100%| O|  |TAMS 0x00000000a6100000, 0x00000000a6100000| Untracked 
|  97|0x00000000a6100000, 0x00000000a6200000, 0x00000000a6200000|100%| O|  |TAMS 0x00000000a6200000, 0x00000000a6200000| Untracked 
|  98|0x00000000a6200000, 0x00000000a6300000, 0x00000000a6300000|100%| O|  |TAMS 0x00000000a6300000, 0x00000000a6300000| Untracked 
|  99|0x00000000a6300000, 0x00000000a6400000, 0x00000000a6400000|100%| O|  |TAMS 0x00000000a6400000, 0x00000000a6400000| Untracked 
| 100|0x00000000a6400000, 0x00000000a6500000, 0x00000000a6500000|100%| O|  |TAMS 0x00000000a6500000, 0x00000000a6500000| Untracked 
| 101|0x00000000a6500000, 0x00000000a6600000, 0x00000000a6600000|100%| O|  |TAMS 0x00000000a6600000, 0x00000000a6600000| Untracked 
| 102|0x00000000a6600000, 0x00000000a6700000, 0x00000000a6700000|100%| O|  |TAMS 0x00000000a6700000, 0x00000000a6700000| Untracked 
| 103|0x00000000a6700000, 0x00000000a6800000, 0x00000000a6800000|100%| O|  |TAMS 0x00000000a6800000, 0x00000000a6800000| Untracked 
| 104|0x00000000a6800000, 0x00000000a6900000, 0x00000000a6900000|100%| O|  |TAMS 0x00000000a6900000, 0x00000000a6900000| Untracked 
| 105|0x00000000a6900000, 0x00000000a6a00000, 0x00000000a6a00000|100%| O|  |TAMS 0x00000000a6a00000, 0x00000000a6a00000| Untracked 
| 106|0x00000000a6a00000, 0x00000000a6b00000, 0x00000000a6b00000|100%| O|  |TAMS 0x00000000a6a00000, 0x00000000a6b00000| Untracked 
| 107|0x00000000a6b00000, 0x00000000a6c00000, 0x00000000a6c00000|100%| O|  |TAMS 0x00000000a6c00000, 0x00000000a6c00000| Untracked 
| 108|0x00000000a6c00000, 0x00000000a6d00000, 0x00000000a6d00000|100%| O|  |TAMS 0x00000000a6d00000, 0x00000000a6d00000| Untracked 
| 109|0x00000000a6d00000, 0x00000000a6e00000, 0x00000000a6e00000|100%| O|  |TAMS 0x00000000a6e00000, 0x00000000a6e00000| Untracked 
| 110|0x00000000a6e00000, 0x00000000a6f00000, 0x00000000a6f00000|100%| O|  |TAMS 0x00000000a6f00000, 0x00000000a6f00000| Untracked 
| 111|0x00000000a6f00000, 0x00000000a7000000, 0x00000000a7000000|100%| O|  |TAMS 0x00000000a7000000, 0x00000000a7000000| Untracked 
| 112|0x00000000a7000000, 0x00000000a7100000, 0x00000000a7100000|100%| O|  |TAMS 0x00000000a7100000, 0x00000000a7100000| Untracked 
| 113|0x00000000a7100000, 0x00000000a7200000, 0x00000000a7200000|100%| O|  |TAMS 0x00000000a7200000, 0x00000000a7200000| Untracked 
| 114|0x00000000a7200000, 0x00000000a7300000, 0x00000000a7300000|100%| O|  |TAMS 0x00000000a7300000, 0x00000000a7300000| Untracked 
| 115|0x00000000a7300000, 0x00000000a7400000, 0x00000000a7400000|100%| O|  |TAMS 0x00000000a7400000, 0x00000000a7400000| Untracked 
| 116|0x00000000a7400000, 0x00000000a7500000, 0x00000000a7500000|100%| O|  |TAMS 0x00000000a7500000, 0x00000000a7500000| Untracked 
| 117|0x00000000a7500000, 0x00000000a7600000, 0x00000000a7600000|100%| O|  |TAMS 0x00000000a7600000, 0x00000000a7600000| Untracked 
| 118|0x00000000a7600000, 0x00000000a7700000, 0x00000000a7700000|100%| O|  |TAMS 0x00000000a7700000, 0x00000000a7700000| Untracked 
| 119|0x00000000a7700000, 0x00000000a7800000, 0x00000000a7800000|100%| O|  |TAMS 0x00000000a7800000, 0x00000000a7800000| Untracked 
| 120|0x00000000a7800000, 0x00000000a7900000, 0x00000000a7900000|100%| O|  |TAMS 0x00000000a78bf200, 0x00000000a7900000| Untracked 
| 121|0x00000000a7900000, 0x00000000a7a00000, 0x00000000a7a00000|100%| O|  |TAMS 0x00000000a7900000, 0x00000000a7a00000| Untracked 
| 122|0x00000000a7a00000, 0x00000000a7b00000, 0x00000000a7b00000|100%| O|  |TAMS 0x00000000a7a00000, 0x00000000a7b00000| Untracked 
| 123|0x00000000a7b00000, 0x00000000a7c00000, 0x00000000a7c00000|100%| O|  |TAMS 0x00000000a7b00000, 0x00000000a7c00000| Untracked 
| 124|0x00000000a7c00000, 0x00000000a7d00000, 0x00000000a7d00000|100%| O|  |TAMS 0x00000000a7c00000, 0x00000000a7d00000| Untracked 
| 125|0x00000000a7d00000, 0x00000000a7e00000, 0x00000000a7e00000|100%| O|  |TAMS 0x00000000a7d00000, 0x00000000a7e00000| Untracked 
| 126|0x00000000a7e00000, 0x00000000a7f00000, 0x00000000a7f00000|100%| O|  |TAMS 0x00000000a7e00000, 0x00000000a7f00000| Untracked 
| 127|0x00000000a7f00000, 0x00000000a8000000, 0x00000000a8000000|100%| O|  |TAMS 0x00000000a7f00000, 0x00000000a8000000| Untracked 
| 128|0x00000000a8000000, 0x00000000a8100000, 0x00000000a8100000|100%| O|  |TAMS 0x00000000a8000000, 0x00000000a8100000| Untracked 
| 129|0x00000000a8100000, 0x00000000a8200000, 0x00000000a8200000|100%| O|  |TAMS 0x00000000a8100000, 0x00000000a8200000| Untracked 
| 130|0x00000000a8200000, 0x00000000a8300000, 0x00000000a8300000|100%| O|  |TAMS 0x00000000a8200000, 0x00000000a8300000| Untracked 
| 131|0x00000000a8300000, 0x00000000a8400000, 0x00000000a8400000|100%| O|  |TAMS 0x00000000a8300000, 0x00000000a8400000| Untracked 
| 132|0x00000000a8400000, 0x00000000a8500000, 0x00000000a8500000|100%| O|  |TAMS 0x00000000a8400000, 0x00000000a8500000| Untracked 
| 133|0x00000000a8500000, 0x00000000a8600000, 0x00000000a8600000|100%| O|  |TAMS 0x00000000a8500000, 0x00000000a8600000| Untracked 
| 134|0x00000000a8600000, 0x00000000a8700000, 0x00000000a8700000|100%| O|  |TAMS 0x00000000a8600000, 0x00000000a8700000| Untracked 
| 135|0x00000000a8700000, 0x00000000a8800000, 0x00000000a8800000|100%| O|  |TAMS 0x00000000a8700000, 0x00000000a8800000| Untracked 
| 136|0x00000000a8800000, 0x00000000a8900000, 0x00000000a8900000|100%| O|  |TAMS 0x00000000a8800000, 0x00000000a8900000| Untracked 
| 137|0x00000000a8900000, 0x00000000a8a00000, 0x00000000a8a00000|100%| O|  |TAMS 0x00000000a8900000, 0x00000000a8a00000| Untracked 
| 138|0x00000000a8a00000, 0x00000000a8b00000, 0x00000000a8b00000|100%| O|  |TAMS 0x00000000a8a00000, 0x00000000a8b00000| Untracked 
| 139|0x00000000a8b00000, 0x00000000a8c00000, 0x00000000a8c00000|100%| O|  |TAMS 0x00000000a8b00000, 0x00000000a8c00000| Untracked 
| 140|0x00000000a8c00000, 0x00000000a8d00000, 0x00000000a8d00000|100%| O|  |TAMS 0x00000000a8c00000, 0x00000000a8d00000| Untracked 
| 141|0x00000000a8d00000, 0x00000000a8e00000, 0x00000000a8e00000|100%| O|  |TAMS 0x00000000a8d00000, 0x00000000a8e00000| Untracked 
| 142|0x00000000a8e00000, 0x00000000a8f00000, 0x00000000a8f00000|100%| O|  |TAMS 0x00000000a8e00000, 0x00000000a8f00000| Untracked 
| 143|0x00000000a8f00000, 0x00000000a9000000, 0x00000000a9000000|100%| O|  |TAMS 0x00000000a8f00000, 0x00000000a9000000| Untracked 
| 144|0x00000000a9000000, 0x00000000a9100000, 0x00000000a9100000|100%| O|  |TAMS 0x00000000a9000000, 0x00000000a9100000| Untracked 
| 145|0x00000000a9100000, 0x00000000a9200000, 0x00000000a9200000|100%| O|  |TAMS 0x00000000a9100000, 0x00000000a9191400| Untracked 
| 146|0x00000000a9200000, 0x00000000a9300000, 0x00000000a9300000|100%| O|  |TAMS 0x00000000a9200000, 0x00000000a9200000| Untracked 
| 147|0x00000000a9300000, 0x00000000a9400000, 0x00000000a9400000|100%| O|  |TAMS 0x00000000a9300000, 0x00000000a9300000| Untracked 
| 148|0x00000000a9400000, 0x00000000a9500000, 0x00000000a9500000|100%| O|  |TAMS 0x00000000a9400000, 0x00000000a9400000| Untracked 
| 149|0x00000000a9500000, 0x00000000a9600000, 0x00000000a9600000|100%| O|  |TAMS 0x00000000a9500000, 0x00000000a9500000| Untracked 
| 150|0x00000000a9600000, 0x00000000a9700000, 0x00000000a9700000|100%| O|  |TAMS 0x00000000a9600000, 0x00000000a9600000| Untracked 
| 151|0x00000000a9700000, 0x00000000a9700000, 0x00000000a9800000|  0%| F|  |TAMS 0x00000000a9700000, 0x00000000a9700000| Untracked 
| 152|0x00000000a9800000, 0x00000000a9800000, 0x00000000a9900000|  0%| F|  |TAMS 0x00000000a9800000, 0x00000000a9800000| Untracked 
| 153|0x00000000a9900000, 0x00000000a9900000, 0x00000000a9a00000|  0%| F|  |TAMS 0x00000000a9900000, 0x00000000a9900000| Untracked 
| 154|0x00000000a9a00000, 0x00000000a9a00000, 0x00000000a9b00000|  0%| F|  |TAMS 0x00000000a9a00000, 0x00000000a9a00000| Untracked 
| 155|0x00000000a9b00000, 0x00000000a9b00000, 0x00000000a9c00000|  0%| F|  |TAMS 0x00000000a9b00000, 0x00000000a9b00000| Untracked 
| 156|0x00000000a9c00000, 0x00000000a9c00000, 0x00000000a9d00000|  0%| F|  |TAMS 0x00000000a9c00000, 0x00000000a9c00000| Untracked 
| 157|0x00000000a9d00000, 0x00000000a9d00000, 0x00000000a9e00000|  0%| F|  |TAMS 0x00000000a9d00000, 0x00000000a9d00000| Untracked 
| 158|0x00000000a9e00000, 0x00000000a9e00000, 0x00000000a9f00000|  0%| F|  |TAMS 0x00000000a9e00000, 0x00000000a9e00000| Untracked 
| 159|0x00000000a9f00000, 0x00000000a9f00000, 0x00000000aa000000|  0%| F|  |TAMS 0x00000000a9f00000, 0x00000000a9f00000| Untracked 
| 160|0x00000000aa000000, 0x00000000aa000000, 0x00000000aa100000|  0%| F|  |TAMS 0x00000000aa000000, 0x00000000aa000000| Untracked 
| 161|0x00000000aa100000, 0x00000000aa100000, 0x00000000aa200000|  0%| F|  |TAMS 0x00000000aa100000, 0x00000000aa100000| Untracked 
| 162|0x00000000aa200000, 0x00000000aa200000, 0x00000000aa300000|  0%| F|  |TAMS 0x00000000aa200000, 0x00000000aa200000| Untracked 
| 163|0x00000000aa300000, 0x00000000aa300000, 0x00000000aa400000|  0%| F|  |TAMS 0x00000000aa300000, 0x00000000aa300000| Untracked 
| 164|0x00000000aa400000, 0x00000000aa400000, 0x00000000aa500000|  0%| F|  |TAMS 0x00000000aa400000, 0x00000000aa400000| Untracked 
| 165|0x00000000aa500000, 0x00000000aa500000, 0x00000000aa600000|  0%| F|  |TAMS 0x00000000aa500000, 0x00000000aa500000| Untracked 
| 166|0x00000000aa600000, 0x00000000aa600000, 0x00000000aa700000|  0%| F|  |TAMS 0x00000000aa600000, 0x00000000aa600000| Untracked 
| 167|0x00000000aa700000, 0x00000000aa700000, 0x00000000aa800000|  0%| F|  |TAMS 0x00000000aa700000, 0x00000000aa700000| Untracked 
| 168|0x00000000aa800000, 0x00000000aa800000, 0x00000000aa900000|  0%| F|  |TAMS 0x00000000aa800000, 0x00000000aa800000| Untracked 
| 169|0x00000000aa900000, 0x00000000aa900000, 0x00000000aaa00000|  0%| F|  |TAMS 0x00000000aa900000, 0x00000000aa900000| Untracked 
| 170|0x00000000aaa00000, 0x00000000aaa00000, 0x00000000aab00000|  0%| F|  |TAMS 0x00000000aaa00000, 0x00000000aaa00000| Untracked 
| 171|0x00000000aab00000, 0x00000000aab00000, 0x00000000aac00000|  0%| F|  |TAMS 0x00000000aab00000, 0x00000000aab00000| Untracked 
| 172|0x00000000aac00000, 0x00000000aac00000, 0x00000000aad00000|  0%| F|  |TAMS 0x00000000aac00000, 0x00000000aac00000| Untracked 
| 173|0x00000000aad00000, 0x00000000aad00000, 0x00000000aae00000|  0%| F|  |TAMS 0x00000000aad00000, 0x00000000aad00000| Untracked 
| 174|0x00000000aae00000, 0x00000000aae00000, 0x00000000aaf00000|  0%| F|  |TAMS 0x00000000aae00000, 0x00000000aae00000| Untracked 
| 175|0x00000000aaf00000, 0x00000000aaf00000, 0x00000000ab000000|  0%| F|  |TAMS 0x00000000aaf00000, 0x00000000aaf00000| Untracked 
| 176|0x00000000ab000000, 0x00000000ab000000, 0x00000000ab100000|  0%| F|  |TAMS 0x00000000ab000000, 0x00000000ab000000| Untracked 
| 177|0x00000000ab100000, 0x00000000ab100000, 0x00000000ab200000|  0%| F|  |TAMS 0x00000000ab100000, 0x00000000ab100000| Untracked 
| 178|0x00000000ab200000, 0x00000000ab200000, 0x00000000ab300000|  0%| F|  |TAMS 0x00000000ab200000, 0x00000000ab200000| Untracked 
| 179|0x00000000ab300000, 0x00000000ab300000, 0x00000000ab400000|  0%| F|  |TAMS 0x00000000ab300000, 0x00000000ab300000| Untracked 
| 180|0x00000000ab400000, 0x00000000ab400000, 0x00000000ab500000|  0%| F|  |TAMS 0x00000000ab400000, 0x00000000ab400000| Untracked 
| 181|0x00000000ab500000, 0x00000000ab500000, 0x00000000ab600000|  0%| F|  |TAMS 0x00000000ab500000, 0x00000000ab500000| Untracked 
| 182|0x00000000ab600000, 0x00000000ab600000, 0x00000000ab700000|  0%| F|  |TAMS 0x00000000ab600000, 0x00000000ab600000| Untracked 
| 183|0x00000000ab700000, 0x00000000ab74e170, 0x00000000ab800000| 30%| E|CS|TAMS 0x00000000ab700000, 0x00000000ab74e170| Complete 
| 184|0x00000000ab800000, 0x00000000ab900000, 0x00000000ab900000|100%| E|CS|TAMS 0x00000000ab800000, 0x00000000ab900000| Complete 
| 185|0x00000000ab900000, 0x00000000aba00000, 0x00000000aba00000|100%| E|CS|TAMS 0x00000000ab900000, 0x00000000aba00000| Complete 
| 186|0x00000000aba00000, 0x00000000aba00000, 0x00000000abb00000|  0%| F|  |TAMS 0x00000000aba00000, 0x00000000aba00000| Untracked 
| 187|0x00000000abb00000, 0x00000000abb00000, 0x00000000abc00000|  0%| F|  |TAMS 0x00000000abb00000, 0x00000000abb00000| Untracked 
| 188|0x00000000abc00000, 0x00000000abc00000, 0x00000000abd00000|  0%| F|  |TAMS 0x00000000abc00000, 0x00000000abc00000| Untracked 
| 189|0x00000000abd00000, 0x00000000abd00000, 0x00000000abe00000|  0%| F|  |TAMS 0x00000000abd00000, 0x00000000abd00000| Untracked 
| 190|0x00000000abe00000, 0x00000000abe00000, 0x00000000abf00000|  0%| F|  |TAMS 0x00000000abe00000, 0x00000000abe00000| Untracked 
| 191|0x00000000abf00000, 0x00000000abf00000, 0x00000000ac000000|  0%| F|  |TAMS 0x00000000abf00000, 0x00000000abf00000| Untracked 
| 192|0x00000000ac000000, 0x00000000ac000000, 0x00000000ac100000|  0%| F|  |TAMS 0x00000000ac000000, 0x00000000ac000000| Untracked 
| 193|0x00000000ac100000, 0x00000000ac200000, 0x00000000ac200000|100%| S|  |TAMS 0x00000000ac100000, 0x00000000ac100000| Complete 
| 194|0x00000000ac200000, 0x00000000ac300000, 0x00000000ac300000|100%| E|CS|TAMS 0x00000000ac200000, 0x00000000ac300000| Complete 
| 195|0x00000000ac300000, 0x00000000ac400000, 0x00000000ac400000|100%| E|CS|TAMS 0x00000000ac300000, 0x00000000ac400000| Complete 
| 196|0x00000000ac400000, 0x00000000ac500000, 0x00000000ac500000|100%| E|CS|TAMS 0x00000000ac400000, 0x00000000ac500000| Complete 
| 197|0x00000000ac500000, 0x00000000ac600000, 0x00000000ac600000|100%| E|CS|TAMS 0x00000000ac500000, 0x00000000ac600000| Complete 
| 198|0x00000000ac600000, 0x00000000ac700000, 0x00000000ac700000|100%| E|CS|TAMS 0x00000000ac600000, 0x00000000ac700000| Complete 
| 199|0x00000000ac700000, 0x00000000ac800000, 0x00000000ac800000|100%| E|CS|TAMS 0x00000000ac700000, 0x00000000ac800000| Complete 
| 200|0x00000000ac800000, 0x00000000ac900000, 0x00000000ac900000|100%| S|  |TAMS 0x00000000ac800000, 0x00000000ac800000| Complete 
| 201|0x00000000ac900000, 0x00000000aca00000, 0x00000000aca00000|100%| S|  |TAMS 0x00000000ac900000, 0x00000000ac900000| Complete 
| 202|0x00000000aca00000, 0x00000000acb00000, 0x00000000acb00000|100%| S|  |TAMS 0x00000000aca00000, 0x00000000aca00000| Complete 
| 203|0x00000000acb00000, 0x00000000acc00000, 0x00000000acc00000|100%| S|  |TAMS 0x00000000acb00000, 0x00000000acb00000| Complete 
| 204|0x00000000acc00000, 0x00000000acd00000, 0x00000000acd00000|100%| S|  |TAMS 0x00000000acc00000, 0x00000000acc00000| Complete 
| 205|0x00000000acd00000, 0x00000000ace00000, 0x00000000ace00000|100%| E|CS|TAMS 0x00000000acd00000, 0x00000000ace00000| Complete 
| 206|0x00000000ace00000, 0x00000000acf00000, 0x00000000acf00000|100%| E|CS|TAMS 0x00000000ace00000, 0x00000000acf00000| Complete 
| 207|0x00000000acf00000, 0x00000000ad000000, 0x00000000ad000000|100%| E|CS|TAMS 0x00000000acf00000, 0x00000000ad000000| Complete 
| 208|0x00000000ad000000, 0x00000000ad100000, 0x00000000ad100000|100%| E|CS|TAMS 0x00000000ad000000, 0x00000000ad100000| Complete 
| 209|0x00000000ad100000, 0x00000000ad200000, 0x00000000ad200000|100%| E|CS|TAMS 0x00000000ad100000, 0x00000000ad200000| Complete 
| 210|0x00000000ad200000, 0x00000000ad300000, 0x00000000ad300000|100%| E|CS|TAMS 0x00000000ad200000, 0x00000000ad300000| Complete 
| 211|0x00000000ad300000, 0x00000000ad400000, 0x00000000ad400000|100%| E|CS|TAMS 0x00000000ad300000, 0x00000000ad400000| Complete 
| 212|0x00000000ad400000, 0x00000000ad500000, 0x00000000ad500000|100%| E|CS|TAMS 0x00000000ad400000, 0x00000000ad500000| Complete 
| 213|0x00000000ad500000, 0x00000000ad600000, 0x00000000ad600000|100%| E|CS|TAMS 0x00000000ad500000, 0x00000000ad600000| Complete 
| 214|0x00000000ad600000, 0x00000000ad700000, 0x00000000ad700000|100%| E|CS|TAMS 0x00000000ad600000, 0x00000000ad700000| Complete 
| 215|0x00000000ad700000, 0x00000000ad800000, 0x00000000ad800000|100%| E|CS|TAMS 0x00000000ad700000, 0x00000000ad800000| Complete 
| 216|0x00000000ad800000, 0x00000000ad900000, 0x00000000ad900000|100%| E|CS|TAMS 0x00000000ad800000, 0x00000000ad900000| Complete 
| 217|0x00000000ad900000, 0x00000000ada00000, 0x00000000ada00000|100%| E|CS|TAMS 0x00000000ad900000, 0x00000000ada00000| Complete 
| 218|0x00000000ada00000, 0x00000000adb00000, 0x00000000adb00000|100%| E|CS|TAMS 0x00000000ada00000, 0x00000000adb00000| Complete 
| 219|0x00000000adb00000, 0x00000000adc00000, 0x00000000adc00000|100%| E|CS|TAMS 0x00000000adb00000, 0x00000000adc00000| Complete 
| 220|0x00000000adc00000, 0x00000000add00000, 0x00000000add00000|100%| E|CS|TAMS 0x00000000adc00000, 0x00000000add00000| Complete 
| 221|0x00000000add00000, 0x00000000ade00000, 0x00000000ade00000|100%| E|CS|TAMS 0x00000000add00000, 0x00000000ade00000| Complete 
| 222|0x00000000ade00000, 0x00000000adf00000, 0x00000000adf00000|100%| E|CS|TAMS 0x00000000ade00000, 0x00000000adf00000| Complete 
| 223|0x00000000adf00000, 0x00000000ae000000, 0x00000000ae000000|100%| E|CS|TAMS 0x00000000adf00000, 0x00000000ae000000| Complete 
| 224|0x00000000ae000000, 0x00000000ae100000, 0x00000000ae100000|100%| E|CS|TAMS 0x00000000ae000000, 0x00000000ae100000| Complete 
| 225|0x00000000ae100000, 0x00000000ae200000, 0x00000000ae200000|100%| E|CS|TAMS 0x00000000ae100000, 0x00000000ae200000| Complete 
| 226|0x00000000ae200000, 0x00000000ae300000, 0x00000000ae300000|100%| E|CS|TAMS 0x00000000ae200000, 0x00000000ae300000| Complete 
| 227|0x00000000ae300000, 0x00000000ae400000, 0x00000000ae400000|100%| E|CS|TAMS 0x00000000ae300000, 0x00000000ae400000| Complete 
| 228|0x00000000ae400000, 0x00000000ae500000, 0x00000000ae500000|100%| E|CS|TAMS 0x00000000ae400000, 0x00000000ae500000| Complete 
| 229|0x00000000ae500000, 0x00000000ae600000, 0x00000000ae600000|100%| E|CS|TAMS 0x00000000ae500000, 0x00000000ae600000| Complete 
| 230|0x00000000ae600000, 0x00000000ae700000, 0x00000000ae700000|100%| E|CS|TAMS 0x00000000ae600000, 0x00000000ae700000| Complete 
| 231|0x00000000ae700000, 0x00000000ae800000, 0x00000000ae800000|100%| E|CS|TAMS 0x00000000ae700000, 0x00000000ae800000| Complete 
| 232|0x00000000ae800000, 0x00000000ae900000, 0x00000000ae900000|100%| E|CS|TAMS 0x00000000ae800000, 0x00000000ae900000| Complete 
| 233|0x00000000ae900000, 0x00000000aea00000, 0x00000000aea00000|100%| E|CS|TAMS 0x00000000ae900000, 0x00000000aea00000| Complete 
| 234|0x00000000aea00000, 0x00000000aeb00000, 0x00000000aeb00000|100%| E|CS|TAMS 0x00000000aea00000, 0x00000000aeb00000| Complete 
| 235|0x00000000aeb00000, 0x00000000aec00000, 0x00000000aec00000|100%| E|CS|TAMS 0x00000000aeb00000, 0x00000000aec00000| Complete 
| 236|0x00000000aec00000, 0x00000000aed00000, 0x00000000aed00000|100%| E|CS|TAMS 0x00000000aec00000, 0x00000000aed00000| Complete 
| 237|0x00000000aed00000, 0x00000000aee00000, 0x00000000aee00000|100%| E|CS|TAMS 0x00000000aed00000, 0x00000000aee00000| Complete 
| 238|0x00000000aee00000, 0x00000000aef00000, 0x00000000aef00000|100%| E|CS|TAMS 0x00000000aee00000, 0x00000000aef00000| Complete 
| 239|0x00000000aef00000, 0x00000000af000000, 0x00000000af000000|100%| E|CS|TAMS 0x00000000aef00000, 0x00000000af000000| Complete 
| 240|0x00000000af000000, 0x00000000af100000, 0x00000000af100000|100%| E|CS|TAMS 0x00000000af000000, 0x00000000af100000| Complete 
| 241|0x00000000af100000, 0x00000000af200000, 0x00000000af200000|100%| E|CS|TAMS 0x00000000af100000, 0x00000000af200000| Complete 
| 242|0x00000000af200000, 0x00000000af300000, 0x00000000af300000|100%| E|CS|TAMS 0x00000000af200000, 0x00000000af300000| Complete 
| 243|0x00000000af300000, 0x00000000af400000, 0x00000000af400000|100%| E|CS|TAMS 0x00000000af300000, 0x00000000af400000| Complete 
| 244|0x00000000af400000, 0x00000000af500000, 0x00000000af500000|100%| E|CS|TAMS 0x00000000af400000, 0x00000000af500000| Complete 
| 245|0x00000000af500000, 0x00000000af600000, 0x00000000af600000|100%| E|CS|TAMS 0x00000000af500000, 0x00000000af600000| Complete 
| 246|0x00000000af600000, 0x00000000af700000, 0x00000000af700000|100%| E|CS|TAMS 0x00000000af600000, 0x00000000af700000| Complete 
| 247|0x00000000af700000, 0x00000000af800000, 0x00000000af800000|100%| E|CS|TAMS 0x00000000af700000, 0x00000000af800000| Complete 
| 248|0x00000000af800000, 0x00000000af900000, 0x00000000af900000|100%| E|CS|TAMS 0x00000000af800000, 0x00000000af900000| Complete 
| 249|0x00000000af900000, 0x00000000afa00000, 0x00000000afa00000|100%| E|CS|TAMS 0x00000000af900000, 0x00000000afa00000| Complete 
| 250|0x00000000afa00000, 0x00000000afb00000, 0x00000000afb00000|100%| E|CS|TAMS 0x00000000afa00000, 0x00000000afb00000| Complete 
| 251|0x00000000afb00000, 0x00000000afc00000, 0x00000000afc00000|100%| E|CS|TAMS 0x00000000afb00000, 0x00000000afc00000| Complete 
| 252|0x00000000afc00000, 0x00000000afd00000, 0x00000000afd00000|100%| E|CS|TAMS 0x00000000afc00000, 0x00000000afd00000| Complete 
| 253|0x00000000afd00000, 0x00000000afe00000, 0x00000000afe00000|100%| E|CS|TAMS 0x00000000afd00000, 0x00000000afe00000| Complete 
| 254|0x00000000afe00000, 0x00000000aff00000, 0x00000000aff00000|100%| E|CS|TAMS 0x00000000afe00000, 0x00000000aff00000| Complete 
| 255|0x00000000aff00000, 0x00000000b0000000, 0x00000000b0000000|100%| E|CS|TAMS 0x00000000aff00000, 0x00000000b0000000| Complete 
| 256|0x00000000b0000000, 0x00000000b0100000, 0x00000000b0100000|100%| E|CS|TAMS 0x00000000b0000000, 0x00000000b0100000| Complete 
| 257|0x00000000b0100000, 0x00000000b0200000, 0x00000000b0200000|100%| E|CS|TAMS 0x00000000b0100000, 0x00000000b0200000| Complete 
| 258|0x00000000b0200000, 0x00000000b0300000, 0x00000000b0300000|100%| E|CS|TAMS 0x00000000b0200000, 0x00000000b0300000| Complete 
| 259|0x00000000b0300000, 0x00000000b0400000, 0x00000000b0400000|100%| E|CS|TAMS 0x00000000b0300000, 0x00000000b0400000| Complete 
| 260|0x00000000b0400000, 0x00000000b0500000, 0x00000000b0500000|100%| E|CS|TAMS 0x00000000b0400000, 0x00000000b0500000| Complete 
| 261|0x00000000b0500000, 0x00000000b0600000, 0x00000000b0600000|100%| E|CS|TAMS 0x00000000b0500000, 0x00000000b0600000| Complete 
| 262|0x00000000b0600000, 0x00000000b0700000, 0x00000000b0700000|100%| E|CS|TAMS 0x00000000b0600000, 0x00000000b0700000| Complete 
| 263|0x00000000b0700000, 0x00000000b0800000, 0x00000000b0800000|100%| E|CS|TAMS 0x00000000b0700000, 0x00000000b0800000| Complete 
| 264|0x00000000b0800000, 0x00000000b0900000, 0x00000000b0900000|100%| E|CS|TAMS 0x00000000b0800000, 0x00000000b0900000| Complete 
| 265|0x00000000b0900000, 0x00000000b0a00000, 0x00000000b0a00000|100%| E|CS|TAMS 0x00000000b0900000, 0x00000000b0a00000| Complete 
| 266|0x00000000b0a00000, 0x00000000b0b00000, 0x00000000b0b00000|100%| E|CS|TAMS 0x00000000b0a00000, 0x00000000b0b00000| Complete 
| 267|0x00000000b0b00000, 0x00000000b0c00000, 0x00000000b0c00000|100%| E|CS|TAMS 0x00000000b0b00000, 0x00000000b0c00000| Complete 
| 268|0x00000000b0c00000, 0x00000000b0d00000, 0x00000000b0d00000|100%| E|CS|TAMS 0x00000000b0c00000, 0x00000000b0d00000| Complete 
| 269|0x00000000b0d00000, 0x00000000b0e00000, 0x00000000b0e00000|100%| E|CS|TAMS 0x00000000b0d00000, 0x00000000b0e00000| Complete 
| 270|0x00000000b0e00000, 0x00000000b0f00000, 0x00000000b0f00000|100%| E|CS|TAMS 0x00000000b0e00000, 0x00000000b0f00000| Complete 
| 271|0x00000000b0f00000, 0x00000000b1000000, 0x00000000b1000000|100%| E|CS|TAMS 0x00000000b0f00000, 0x00000000b1000000| Complete 
| 272|0x00000000b1000000, 0x00000000b1100000, 0x00000000b1100000|100%| E|CS|TAMS 0x00000000b1000000, 0x00000000b1100000| Complete 
| 273|0x00000000b1100000, 0x00000000b1200000, 0x00000000b1200000|100%| E|CS|TAMS 0x00000000b1100000, 0x00000000b1200000| Complete 

Card table byte_map: [0x0000025540a30000,0x0000025540d30000] _byte_map_base: 0x0000025540530000

Marking Bits (Prev, Next): (CMBitMap*) 0x000002552e2a4550, (CMBitMap*) 0x000002552e2a4510
 Prev Bits: [0x0000025542830000, 0x0000025544030000)
 Next Bits: [0x0000025541030000, 0x0000025542830000)

Polling page: 0x000002552c1b0000

Metaspace:

Usage:
  Non-class:     88.78 MB used.
      Class:     13.98 MB used.
       Both:    102.77 MB used.

Virtual space:
  Non-class space:       96.00 MB reserved,      89.31 MB ( 93%) committed,  12 nodes.
      Class space:        1.00 GB reserved,      14.38 MB (  1%) committed,  1 nodes.
             Both:        1.09 GB reserved,     103.69 MB (  9%) committed. 

Chunk freelists:
   Non-Class:  1.98 MB
       Class:  1.56 MB
        Both:  3.54 MB

MaxMetaspaceSize: unlimited
CompressedClassSpaceSize: 1.00 GB
Initial GC threshold: 21.00 MB
Current GC threshold: 170.56 MB
CDS: off
MetaspaceReclaimPolicy: balanced
 - commit_granule_bytes: 65536.
 - commit_granule_words: 8192.
 - virtual_space_node_default_size: 1048576.
 - enlarge_chunks_in_place: 1.
 - new_chunks_are_fully_committed: 0.
 - uncommit_free_chunks: 1.
 - use_allocation_guard: 0.
 - handle_deallocations: 1.


Internal statistics:

num_allocs_failed_limit: 6.
num_arena_births: 1052.
num_arena_deaths: 0.
num_vsnodes_births: 13.
num_vsnodes_deaths: 0.
num_space_committed: 1659.
num_space_uncommitted: 0.
num_chunks_returned_to_freelist: 6.
num_chunks_taken_from_freelist: 5202.
num_chunk_merges: 6.
num_chunk_splits: 3310.
num_chunks_enlarged: 2072.
num_purges: 0.
num_inconsistent_stats: 0.

CodeHeap 'non-profiled nmethods': size=120000Kb used=9098Kb max_used=9098Kb free=110901Kb
 bounds [0x0000025539200000, 0x0000025539af0000, 0x0000025540730000]
CodeHeap 'profiled nmethods': size=120000Kb used=24156Kb max_used=24909Kb free=95844Kb
 bounds [0x0000025531730000, 0x0000025532f90000, 0x0000025538c60000]
CodeHeap 'non-nmethods': size=5760Kb used=2403Kb max_used=2474Kb free=3356Kb
 bounds [0x0000025538c60000, 0x0000025538ee0000, 0x0000025539200000]
 total_blobs=13394 nmethods=12452 adapters=854
 compilation: enabled
              stopped_count=0, restarted_count=0
 full_count=0

Compilation events (20 events):
Event: 61.823 Thread 0x00000255470b5430 14789       1       org.gradle.launcher.daemon.protocol.BuildEvent::getPayload (5 bytes)
Event: 61.823 Thread 0x00000255470b5430 nmethod 14789 0x0000025539ad5290 code [0x0000025539ad5420, 0x0000025539ad54f8]
Event: 61.825 Thread 0x0000025547056c10 nmethod 14677 0x0000025539ad5590 code [0x0000025539ad5b00, 0x0000025539add3a0]
Event: 61.825 Thread 0x0000025547056c10 14777       4       java.util.LinkedHashMap::keysToArray (38 bytes)
Event: 61.829 Thread 0x0000025547056c10 nmethod 14777 0x0000025539ae1590 code [0x0000025539ae1720, 0x0000025539ae1b18]
Event: 61.829 Thread 0x0000025547056c10 14771       4       org.gradle.cache.Cache::get (14 bytes)
Event: 61.831 Thread 0x00000255470b5430 14790       3       org.gradle.api.internal.file.DefaultFileCollectionFactory::fileTree (24 bytes)
Event: 61.831 Thread 0x00000255470b5430 nmethod 14790 0x0000025531f98590 code [0x0000025531f98740, 0x0000025531f98908]
Event: 61.831 Thread 0x00000255470b5430 14791       3       org.gradle.api.internal.file.collections.DefaultConfigurableFileTree::<init> (39 bytes)
Event: 61.832 Thread 0x00000255470b5430 nmethod 14791 0x0000025532216c10 code [0x0000025532216e40, 0x0000025532217868]
Event: 61.832 Thread 0x00000255470b5430 14793       3       org.gradle.api.internal.file.RelativePathSpec::isSatisfiedBy (9 bytes)
Event: 61.832 Thread 0x00000255470b5430 nmethod 14793 0x000002553225e010 code [0x000002553225e1e0, 0x000002553225e658]
Event: 61.832 Thread 0x00000255470b5430 14792       3       org.gradle.api.internal.file.collections.DefaultConfigurableFileTree::from (7 bytes)
Event: 61.832 Thread 0x00000255470b5430 nmethod 14792 0x0000025532835490 code [0x0000025532835620, 0x0000025532835778]
Event: 61.832 Thread 0x00000255470b5430 14794       1       org.gradle.internal.snapshot.AbstractFileSystemLocationSnapshot::getAccessType (5 bytes)
Event: 61.832 Thread 0x00000255470b5430 nmethod 14794 0x0000025539ae1c90 code [0x0000025539ae1e20, 0x0000025539ae1ef8]
Event: 61.832 Thread 0x0000025547056c10 nmethod 14771 0x0000025539ae1f90 code [0x0000025539ae2160, 0x0000025539ae23e8]
Event: 61.832 Thread 0x0000025547056c10 14751       4       java.util.ArrayDeque::spliterator (9 bytes)
Event: 61.833 Thread 0x0000025547056c10 nmethod 14751 0x0000025539ae2790 code [0x0000025539ae2920, 0x0000025539ae29f8]
Event: 61.833 Thread 0x0000025547056c10 14753       4       org.gradle.internal.execution.fingerprint.InputFingerprinter$FileValueSupplier::<init> (32 bytes)

GC Heap History (20 events):
Event: 51.176 GC heap after
{Heap after GC invocations=42 (full 0):
 garbage-first heap   total 280576K, used 99151K [0x00000000a0000000, 0x0000000100000000)
  region size 1024K, 13 young (13312K), 13 survivors (13312K)
 Metaspace       used 89871K, committed 90560K, reserved 1130496K
  class space    used 12236K, committed 12544K, reserved 1048576K
}
Event: 53.658 GC heap before
{Heap before GC invocations=43 (full 0):
 garbage-first heap   total 280576K, used 206671K [0x00000000a0000000, 0x0000000100000000)
  region size 1024K, 121 young (123904K), 13 survivors (13312K)
 Metaspace       used 98440K, committed 99200K, reserved 1138688K
  class space    used 13458K, committed 13760K, reserved 1048576K
}
Event: 53.679 GC heap after
{Heap after GC invocations=44 (full 0):
 garbage-first heap   total 280576K, used 108544K [0x00000000a0000000, 0x0000000100000000)
  region size 1024K, 13 young (13312K), 13 survivors (13312K)
 Metaspace       used 98440K, committed 99200K, reserved 1138688K
  class space    used 13458K, committed 13760K, reserved 1048576K
}
Event: 53.695 GC heap before
{Heap before GC invocations=44 (full 0):
 garbage-first heap   total 280576K, used 109568K [0x00000000a0000000, 0x0000000100000000)
  region size 1024K, 14 young (14336K), 13 survivors (13312K)
 Metaspace       used 98461K, committed 99200K, reserved 1138688K
  class space    used 13462K, committed 13760K, reserved 1048576K
}
Event: 53.709 GC heap after
{Heap after GC invocations=45 (full 0):
 garbage-first heap   total 280576K, used 110080K [0x00000000a0000000, 0x0000000100000000)
  region size 1024K, 2 young (2048K), 2 survivors (2048K)
 Metaspace       used 98461K, committed 99200K, reserved 1138688K
  class space    used 13462K, committed 13760K, reserved 1048576K
}
Event: 55.221 GC heap before
{Heap before GC invocations=45 (full 0):
 garbage-first heap   total 280576K, used 214528K [0x00000000a0000000, 0x0000000100000000)
  region size 1024K, 104 young (106496K), 2 survivors (2048K)
 Metaspace       used 100375K, committed 101184K, reserved 1138688K
  class space    used 13714K, committed 14080K, reserved 1048576K
}
Event: 55.236 GC heap after
{Heap after GC invocations=46 (full 0):
 garbage-first heap   total 280576K, used 123392K [0x00000000a0000000, 0x0000000100000000)
  region size 1024K, 13 young (13312K), 13 survivors (13312K)
 Metaspace       used 100375K, committed 101184K, reserved 1138688K
  class space    used 13714K, committed 14080K, reserved 1048576K
}
Event: 56.916 GC heap before
{Heap before GC invocations=46 (full 0):
 garbage-first heap   total 280576K, used 217600K [0x00000000a0000000, 0x0000000100000000)
  region size 1024K, 105 young (107520K), 13 survivors (13312K)
 Metaspace       used 102018K, committed 102848K, reserved 1138688K
  class space    used 13843K, committed 14208K, reserved 1048576K
}
Event: 56.936 GC heap after
{Heap after GC invocations=47 (full 0):
 garbage-first heap   total 280576K, used 131324K [0x00000000a0000000, 0x0000000100000000)
  region size 1024K, 8 young (8192K), 8 survivors (8192K)
 Metaspace       used 102018K, committed 102848K, reserved 1138688K
  class space    used 13843K, committed 14208K, reserved 1048576K
}
Event: 58.428 GC heap before
{Heap before GC invocations=47 (full 0):
 garbage-first heap   total 280576K, used 220412K [0x00000000a0000000, 0x0000000100000000)
  region size 1024K, 96 young (98304K), 8 survivors (8192K)
 Metaspace       used 103852K, committed 104640K, reserved 1146880K
  class space    used 14166K, committed 14528K, reserved 1048576K
}
Event: 58.443 GC heap after
{Heap after GC invocations=48 (full 0):
 garbage-first heap   total 280576K, used 140800K [0x00000000a0000000, 0x0000000100000000)
  region size 1024K, 9 young (9216K), 9 survivors (9216K)
 Metaspace       used 103852K, committed 104640K, reserved 1146880K
  class space    used 14166K, committed 14528K, reserved 1048576K
}
Event: 59.573 GC heap before
{Heap before GC invocations=49 (full 0):
 garbage-first heap   total 280576K, used 222720K [0x00000000a0000000, 0x0000000100000000)
  region size 1024K, 90 young (92160K), 9 survivors (9216K)
 Metaspace       used 104761K, committed 105536K, reserved 1146880K
  class space    used 14274K, committed 14592K, reserved 1048576K
}
Event: 59.586 GC heap after
{Heap after GC invocations=50 (full 0):
 garbage-first heap   total 280576K, used 147241K [0x00000000a0000000, 0x0000000100000000)
  region size 1024K, 9 young (9216K), 9 survivors (9216K)
 Metaspace       used 104761K, committed 105536K, reserved 1146880K
  class space    used 14274K, committed 14592K, reserved 1048576K
}
Event: 59.633 GC heap before
{Heap before GC invocations=50 (full 0):
 garbage-first heap   total 280576K, used 150313K [0x00000000a0000000, 0x0000000100000000)
  region size 1024K, 13 young (13312K), 9 survivors (9216K)
 Metaspace       used 104762K, committed 105536K, reserved 1146880K
  class space    used 14274K, committed 14592K, reserved 1048576K
}
Event: 59.642 GC heap after
{Heap after GC invocations=51 (full 0):
 garbage-first heap   total 280576K, used 145765K [0x00000000a0000000, 0x0000000100000000)
  region size 1024K, 2 young (2048K), 2 survivors (2048K)
 Metaspace       used 104762K, committed 105536K, reserved 1146880K
  class space    used 14274K, committed 14592K, reserved 1048576K
}
Event: 60.478 GC heap before
{Heap before GC invocations=51 (full 0):
 garbage-first heap   total 280576K, used 224613K [0x00000000a0000000, 0x0000000100000000)
  region size 1024K, 80 young (81920K), 2 survivors (2048K)
 Metaspace       used 104983K, committed 105856K, reserved 1146880K
  class space    used 14289K, committed 14656K, reserved 1048576K
}
Event: 60.489 GC heap after
{Heap after GC invocations=52 (full 0):
 garbage-first heap   total 280576K, used 152232K [0x00000000a0000000, 0x0000000100000000)
  region size 1024K, 8 young (8192K), 8 survivors (8192K)
 Metaspace       used 104983K, committed 105856K, reserved 1146880K
  class space    used 14289K, committed 14656K, reserved 1048576K
}
Event: 61.108 GC heap before
{Heap before GC invocations=52 (full 0):
 garbage-first heap   total 280576K, used 226984K [0x00000000a0000000, 0x0000000100000000)
  region size 1024K, 82 young (83968K), 8 survivors (8192K)
 Metaspace       used 105064K, committed 105920K, reserved 1146880K
  class space    used 14299K, committed 14656K, reserved 1048576K
}
Event: 61.118 GC heap after
{Heap after GC invocations=53 (full 0):
 garbage-first heap   total 280576K, used 157565K [0x00000000a0000000, 0x0000000100000000)
  region size 1024K, 9 young (9216K), 9 survivors (9216K)
 Metaspace       used 105064K, committed 105920K, reserved 1146880K
  class space    used 14299K, committed 14656K, reserved 1048576K
}
Event: 61.834 GC heap before
{Heap before GC invocations=53 (full 0):
 garbage-first heap   total 280576K, used 227197K [0x00000000a0000000, 0x0000000100000000)
  region size 1024K, 78 young (79872K), 9 survivors (9216K)
 Metaspace       used 105233K, committed 106176K, reserved 1146880K
  class space    used 14318K, committed 14720K, reserved 1048576K
}

Dll operation events (2 events):
Event: 0.008 Loaded shared library C:\Program Files\Android\Android Studio\jbr\bin\java.dll
Event: 0.874 Loaded shared library C:\Program Files\Android\Android Studio\jbr\bin\verify.dll

Deoptimization events (20 events):
Event: 61.818 Thread 0x0000025548a5fef0 Uncommon trap: trap_request=0xffffffc6 fr.pc=0x000002553921a6d0 relative=0x00000000000000b0
Event: 61.818 Thread 0x0000025548a5fef0 Uncommon trap: reason=bimorphic_or_optimized_type_check action=maybe_recompile pc=0x000002553921a6d0 method=com.google.common.collect.RegularImmutableMap.checkNoConflictInKeyBucket(Ljava/lang/Object;Ljava/util/Map$Entry;Lcom/google/common/collect/Immutabl
Event: 61.818 Thread 0x0000025548a5fef0 DEOPT PACKING pc=0x000002553921a6d0 sp=0x000000fa2b0fc2a0
Event: 61.818 Thread 0x0000025548a5fef0 DEOPT UNPACKING pc=0x0000025538cb69a3 sp=0x000000fa2b0fc248 mode 2
Event: 61.831 Thread 0x0000025548a62f10 Uncommon trap: trap_request=0xffffffc6 fr.pc=0x0000025539adc0e0 relative=0x00000000000065e0
Event: 61.831 Thread 0x0000025548a62f10 Uncommon trap: reason=bimorphic_or_optimized_type_check action=maybe_recompile pc=0x0000025539adc0e0 method=org.gradle.internal.snapshot.DirectorySnapshot.accept(Lorg/gradle/internal/snapshot/RelativePathTracker;Lorg/gradle/internal/snapshot/RelativePathT
Event: 61.831 Thread 0x0000025548a62f10 DEOPT PACKING pc=0x0000025539adc0e0 sp=0x000000fa2b1fb0f0
Event: 61.831 Thread 0x0000025548a62f10 DEOPT UNPACKING pc=0x0000025538cb69a3 sp=0x000000fa2b1fb038 mode 2
Event: 61.831 Thread 0x0000025548a62f10 Uncommon trap: trap_request=0xffffffc6 fr.pc=0x0000025539adc0e0 relative=0x00000000000065e0
Event: 61.831 Thread 0x0000025548a62f10 Uncommon trap: reason=bimorphic_or_optimized_type_check action=maybe_recompile pc=0x0000025539adc0e0 method=org.gradle.internal.snapshot.DirectorySnapshot.accept(Lorg/gradle/internal/snapshot/RelativePathTracker;Lorg/gradle/internal/snapshot/RelativePathT
Event: 61.831 Thread 0x0000025548a62f10 DEOPT PACKING pc=0x0000025539adc0e0 sp=0x000000fa2b1fad00
Event: 61.831 Thread 0x0000025548a62f10 DEOPT UNPACKING pc=0x0000025538cb69a3 sp=0x000000fa2b1fac48 mode 2
Event: 61.831 Thread 0x0000025548a62f10 Uncommon trap: trap_request=0xffffffc6 fr.pc=0x0000025539adc0e0 relative=0x00000000000065e0
Event: 61.831 Thread 0x0000025548a62f10 Uncommon trap: reason=bimorphic_or_optimized_type_check action=maybe_recompile pc=0x0000025539adc0e0 method=org.gradle.internal.snapshot.DirectorySnapshot.accept(Lorg/gradle/internal/snapshot/RelativePathTracker;Lorg/gradle/internal/snapshot/RelativePathT
Event: 61.831 Thread 0x0000025548a62f10 DEOPT PACKING pc=0x0000025539adc0e0 sp=0x000000fa2b1fa910
Event: 61.831 Thread 0x0000025548a62f10 DEOPT UNPACKING pc=0x0000025538cb69a3 sp=0x000000fa2b1fa858 mode 2
Event: 61.831 Thread 0x0000025548a62f10 Uncommon trap: trap_request=0xffffffc6 fr.pc=0x0000025539adc0e0 relative=0x00000000000065e0
Event: 61.831 Thread 0x0000025548a62f10 Uncommon trap: reason=bimorphic_or_optimized_type_check action=maybe_recompile pc=0x0000025539adc0e0 method=org.gradle.internal.snapshot.DirectorySnapshot.accept(Lorg/gradle/internal/snapshot/RelativePathTracker;Lorg/gradle/internal/snapshot/RelativePathT
Event: 61.831 Thread 0x0000025548a62f10 DEOPT PACKING pc=0x0000025539adc0e0 sp=0x000000fa2b1fa520
Event: 61.831 Thread 0x0000025548a62f10 DEOPT UNPACKING pc=0x0000025538cb69a3 sp=0x000000fa2b1fa468 mode 2

Classes unloaded (0 events):
No events

Classes redefined (0 events):
No events

Internal exceptions (20 events):
Event: 57.263 Thread 0x0000025548a620a0 Exception <a 'java/lang/NoSuchMethodError'{0x00000000afa917a8}: static Lcom/android/ide/common/attribution/AndroidGradlePluginAttributionData$JavaInfo;.<clinit>()V> (0x00000000afa917a8) 
thrown [s\src\hotspot\share\prims\jni.cpp, line 1108]
Event: 57.266 Thread 0x0000025548a620a0 Exception <a 'java/lang/NoSuchMethodError'{0x00000000afab0bf0}: static [Ljava/lang/String;.<clinit>()V> (0x00000000afab0bf0) 
thrown [s\src\hotspot\share\prims\jni.cpp, line 1108]
Event: 57.267 Thread 0x0000025548a620a0 Exception <a 'java/lang/NoSuchMethodError'{0x00000000afab66b0}: 'void java.lang.invoke.DirectMethodHandle$Holder.invokeSpecial(java.lang.Object, java.lang.Object, java.lang.Object, int)'> (0x00000000afab66b0) 
thrown [s\src\hotspot\share\interpreter\linkResolver.cpp, line 771]
Event: 57.279 Thread 0x0000025548992010 Exception <a 'java/lang/NoSuchMethodError'{0x00000000af953760}: static Lorg/gradle/internal/build/event/types/DefaultTaskSkippedResult;.<clinit>()V> (0x00000000af953760) 
thrown [s\src\hotspot\share\prims\jni.cpp, line 1108]
Event: 57.291 Thread 0x0000025548a5fef0 Exception <a 'java/lang/NoSuchMethodError'{0x00000000af978d60}: 'int java.lang.invoke.DirectMethodHandle$Holder.invokeSpecial(java.lang.Object, java.lang.Object, java.lang.Object, java.lang.Object, java.lang.Object)'> (0x00000000af978d60) 
thrown [s\src\hotspot\share\interpreter\linkResolver.cpp, line 771]
Event: 57.365 Thread 0x0000025548a5fef0 Exception <a 'java/lang/NoSuchMethodError'{0x00000000af7d8160}: 'java.lang.Object java.lang.invoke.DirectMethodHandle$Holder.invokeSpecialIFC(java.lang.Object, java.lang.Object, java.lang.Object)'> (0x00000000af7d8160) 
thrown [s\src\hotspot\share\interpreter\linkResolver.cpp, line 771]
Event: 59.261 Thread 0x0000025548a5fef0 Exception <a 'java/lang/NoSuchMethodError'{0x00000000ad6ce380}: static Lcom/android/build/api/variant/impl/ResValueKeyImpl;.<clinit>()V> (0x00000000ad6ce380) 
thrown [s\src\hotspot\share\prims\jni.cpp, line 1108]
Event: 59.262 Thread 0x0000025548a5fef0 Exception <a 'java/lang/NoSuchMethodError'{0x00000000ad50d858}: static Lcom/android/build/api/variant/ResValue;.<clinit>()V> (0x00000000ad50d858) 
thrown [s\src\hotspot\share\prims\jni.cpp, line 1108]
Event: 59.269 Thread 0x0000025548a5fef0 Exception <a 'java/lang/ClassNotFoundException'{0x00000000ad5507f0}: com/google/firebase/crashlytics/buildtools/mappingfiles/MappingFileIdReaderBeanInfo> (0x00000000ad5507f0) 
thrown [s\src\hotspot\share\classfile\systemDictionary.cpp, line 256]
Event: 59.269 Thread 0x0000025548a5fef0 Exception <a 'java/lang/ClassNotFoundException'{0x00000000ad55e698}: com/google/firebase/crashlytics/buildtools/mappingfiles/MappingFileIdReaderCustomizer> (0x00000000ad55e698) 
thrown [s\src\hotspot\share\classfile\systemDictionary.cpp, line 256]
Event: 59.290 Thread 0x0000025548a5fef0 Exception <a 'java/lang/ClassNotFoundException'{0x00000000ad583af0}: com/google/firebase/crashlytics/buildtools/mappingfiles/MappingFileIdReader$FileIdReaderBeanInfo> (0x00000000ad583af0) 
thrown [s\src\hotspot\share\classfile\systemDictionary.cpp, line 256]
Event: 59.291 Thread 0x0000025548a5fef0 Exception <a 'java/lang/ClassNotFoundException'{0x00000000ad58c7d0}: com/google/firebase/crashlytics/buildtools/mappingfiles/MappingFileIdReader$FileIdReaderCustomizer> (0x00000000ad58c7d0) 
thrown [s\src\hotspot\share\classfile\systemDictionary.cpp, line 256]
Event: 59.369 Thread 0x0000025548a633e0 Exception <a 'java/lang/NoSuchMethodError'{0x00000000ad3eff60}: 'void java.lang.invoke.DirectMethodHandle$Holder.invokeInterface(java.lang.Object, java.lang.Object, java.lang.Object, java.lang.Object)'> (0x00000000ad3eff60) 
thrown [s\src\hotspot\share\interpreter\linkResolver.cpp, line 771]
Event: 60.457 Thread 0x0000025548a5fef0 Exception <a 'java/lang/NoSuchMethodError'{0x00000000ac428840}: static Lcom/android/build/api/variant/BuildConfigField;.<clinit>()V> (0x00000000ac428840) 
thrown [s\src\hotspot\share\prims\jni.cpp, line 1108]
Event: 61.011 Thread 0x0000025548a5fef0 Exception <a 'java/lang/NoSuchMethodError'{0x00000000acfe9710}: static Lcom/android/build/gradle/internal/scope/InternalArtifactType;.<clinit>()V> (0x00000000acfe9710) 
thrown [s\src\hotspot\share\prims\jni.cpp, line 1108]
Event: 61.011 Thread 0x0000025548a5fef0 Exception <a 'java/lang/NoSuchMethodError'{0x00000000acfeaf38}: static Lcom/android/build/gradle/internal/scope/InternalArtifactType;.<clinit>()V> (0x00000000acfeaf38) 
thrown [s\src\hotspot\share\prims\jni.cpp, line 1108]
Event: 61.012 Thread 0x0000025548a5fef0 Exception <a 'java/lang/NoSuchMethodError'{0x00000000acfedd58}: static Lcom/android/build/api/artifact/Artifact$Single;.<clinit>()V> (0x00000000acfedd58) 
thrown [s\src\hotspot\share\prims\jni.cpp, line 1108]
Event: 61.012 Thread 0x0000025548a5fef0 Exception <a 'java/lang/NoSuchMethodError'{0x00000000acff0558}: static Ljava/lang/Object;.<clinit>()V> (0x00000000acff0558) 
thrown [s\src\hotspot\share\prims\jni.cpp, line 1108]
Event: 61.013 Thread 0x0000025548a5fef0 Exception <a 'java/lang/NoSuchMethodError'{0x00000000ace09ee8}: static Lcom/android/build/api/artifact/ArtifactKind;.<clinit>()V> (0x00000000ace09ee8) 
thrown [s\src\hotspot\share\prims\jni.cpp, line 1108]
Event: 61.013 Thread 0x0000025548a5fef0 Exception <a 'java/lang/NoSuchMethodError'{0x00000000ace0b338}: static Lcom/android/build/api/artifact/ArtifactKind;.<clinit>()V> (0x00000000ace0b338) 
thrown [s\src\hotspot\share\prims\jni.cpp, line 1108]

VM Operations (20 events):
Event: 59.415 Executing VM operation: HandshakeAllThreads done
Event: 59.471 Executing VM operation: HandshakeAllThreads
Event: 59.471 Executing VM operation: HandshakeAllThreads done
Event: 59.573 Executing VM operation: G1CollectForAllocation
Event: 59.587 Executing VM operation: G1CollectForAllocation done
Event: 59.633 Executing VM operation: G1CollectForAllocation
Event: 59.642 Executing VM operation: G1CollectForAllocation done
Event: 59.738 Executing VM operation: HandshakeAllThreads
Event: 59.746 Executing VM operation: HandshakeAllThreads done
Event: 60.068 Executing VM operation: ICBufferFull
Event: 60.069 Executing VM operation: ICBufferFull done
Event: 60.478 Executing VM operation: G1CollectForAllocation
Event: 60.490 Executing VM operation: G1CollectForAllocation done
Event: 61.015 Executing VM operation: HandshakeAllThreads
Event: 61.015 Executing VM operation: HandshakeAllThreads done
Event: 61.017 Executing VM operation: HandshakeAllThreads
Event: 61.017 Executing VM operation: HandshakeAllThreads done
Event: 61.108 Executing VM operation: G1CollectForAllocation
Event: 61.118 Executing VM operation: G1CollectForAllocation done
Event: 61.834 Executing VM operation: G1CollectForAllocation

Events (20 events):
Event: 59.764 Thread 0x00000255470c4100 flushing nmethod 0x0000025532d95210
Event: 59.764 Thread 0x00000255470c4100 flushing nmethod 0x0000025532d95a90
Event: 59.764 Thread 0x00000255470c4100 flushing nmethod 0x0000025532d9a310
Event: 59.764 Thread 0x00000255470c4100 flushing nmethod 0x0000025532d9a810
Event: 59.764 Thread 0x00000255470c4100 flushing nmethod 0x0000025532d9b990
Event: 59.764 Thread 0x00000255470c4100 flushing nmethod 0x0000025532da6410
Event: 59.764 Thread 0x00000255470c4100 flushing nmethod 0x0000025532daba90
Event: 59.764 Thread 0x00000255470c4100 flushing nmethod 0x0000025532dad190
Event: 59.764 Thread 0x00000255470c4100 flushing nmethod 0x0000025532db7890
Event: 59.764 Thread 0x00000255470c4100 flushing nmethod 0x0000025532dbf510
Event: 59.764 Thread 0x00000255470c4100 flushing nmethod 0x0000025532dd4510
Event: 59.764 Thread 0x00000255470c4100 flushing nmethod 0x0000025532dded10
Event: 59.764 Thread 0x00000255470c4100 flushing nmethod 0x0000025532dec510
Event: 59.764 Thread 0x00000255470c4100 flushing nmethod 0x0000025532deeb90
Event: 59.764 Thread 0x00000255470c4100 flushing nmethod 0x0000025532dfb290
Event: 59.764 Thread 0x00000255470c4100 flushing nmethod 0x0000025532e36c10
Event: 59.764 Thread 0x00000255470c4100 flushing nmethod 0x0000025532e3e290
Event: 59.765 Thread 0x00000255470c4100 flushing nmethod 0x0000025532e9f190
Event: 59.765 Thread 0x00000255470c4100 flushing nmethod 0x0000025532e9ff90
Event: 59.765 Thread 0x00000255470c4100 flushing nmethod 0x0000025532eba490


Dynamic libraries:
0x00007ff7f29b0000 - 0x00007ff7f29ba000 	C:\Program Files\Android\Android Studio\jbr\bin\java.exe
0x00007ff9191b0000 - 0x00007ff9193a8000 	C:\WINDOWS\SYSTEM32\ntdll.dll
0x00007ff917740000 - 0x00007ff9177ff000 	C:\WINDOWS\System32\KERNEL32.DLL
0x00007ff916c10000 - 0x00007ff916f06000 	C:\WINDOWS\System32\KERNELBASE.dll
0x00007ff917040000 - 0x00007ff917140000 	C:\WINDOWS\System32\ucrtbase.dll
0x00007ff8b4f90000 - 0x00007ff8b4fa7000 	C:\Program Files\Android\Android Studio\jbr\bin\jli.dll
0x00007ff917920000 - 0x00007ff917abd000 	C:\WINDOWS\System32\USER32.dll
0x00007ff917140000 - 0x00007ff917162000 	C:\WINDOWS\System32\win32u.dll
0x00007ff9178e0000 - 0x00007ff91790c000 	C:\WINDOWS\System32\GDI32.dll
0x00007ff916af0000 - 0x00007ff916c05000 	C:\WINDOWS\System32\gdi32full.dll
0x00007ff917170000 - 0x00007ff91720d000 	C:\WINDOWS\System32\msvcp_win.dll
0x00007ff8b5ff0000 - 0x00007ff8b600b000 	C:\Program Files\Android\Android Studio\jbr\bin\VCRUNTIME140.dll
0x00007ff90a6c0000 - 0x00007ff90a95a000 	C:\WINDOWS\WinSxS\amd64_microsoft.windows.common-controls_6595b64144ccf1df_6.0.19041.1110_none_60b5254171f9507e\COMCTL32.dll
0x00007ff9182b0000 - 0x00007ff91834e000 	C:\WINDOWS\System32\msvcrt.dll
0x00007ff918210000 - 0x00007ff918240000 	C:\WINDOWS\System32\IMM32.DLL
0x00007ff8b6010000 - 0x00007ff8b601c000 	C:\Program Files\Android\Android Studio\jbr\bin\vcruntime140_1.dll
0x00007ff8fa0a0000 - 0x00007ff8fa12d000 	C:\Program Files\Android\Android Studio\jbr\bin\msvcp140.dll
0x00007ff8b5250000 - 0x00007ff8b5ebe000 	C:\Program Files\Android\Android Studio\jbr\bin\server\jvm.dll
0x00007ff917210000 - 0x00007ff9172bf000 	C:\WINDOWS\System32\ADVAPI32.dll
0x00007ff917500000 - 0x00007ff91759c000 	C:\WINDOWS\System32\sechost.dll
0x00007ff917370000 - 0x00007ff917496000 	C:\WINDOWS\System32\RPCRT4.dll
0x00007ff8b6020000 - 0x00007ff8b6029000 	C:\WINDOWS\SYSTEM32\WSOCK32.dll
0x00007ff9175a0000 - 0x00007ff91760b000 	C:\WINDOWS\System32\WS2_32.dll
0x00007ff90c9f0000 - 0x00007ff90ca17000 	C:\WINDOWS\SYSTEM32\WINMM.dll
0x00007ff90b090000 - 0x00007ff90b09a000 	C:\WINDOWS\SYSTEM32\VERSION.dll
0x00007ff914750000 - 0x00007ff914762000 	C:\WINDOWS\SYSTEM32\kernel.appcore.dll
0x00007ff8b5fe0000 - 0x00007ff8b5fea000 	C:\Program Files\Android\Android Studio\jbr\bin\jimage.dll
0x00007ff910920000 - 0x00007ff910b04000 	C:\WINDOWS\SYSTEM32\DBGHELP.DLL
0x00007ff910620000 - 0x00007ff910654000 	C:\WINDOWS\SYSTEM32\dbgcore.DLL
0x00007ff916f10000 - 0x00007ff916f92000 	C:\WINDOWS\System32\bcryptPrimitives.dll
0x00007ff8b5fb0000 - 0x00007ff8b5fd5000 	C:\Program Files\Android\Android Studio\jbr\bin\java.dll
0x00007ff8b5f90000 - 0x00007ff8b5fa8000 	C:\Program Files\Android\Android Studio\jbr\bin\zip.dll
0x00007ff917ac0000 - 0x00007ff918204000 	C:\WINDOWS\System32\SHELL32.dll
0x00007ff914950000 - 0x00007ff9150e3000 	C:\WINDOWS\SYSTEM32\windows.storage.dll
0x00007ff918a20000 - 0x00007ff918d74000 	C:\WINDOWS\System32\combase.dll
0x00007ff916200000 - 0x00007ff91622e000 	C:\WINDOWS\SYSTEM32\Wldp.dll
0x00007ff918350000 - 0x00007ff9183fd000 	C:\WINDOWS\System32\SHCORE.dll
0x00007ff918400000 - 0x00007ff918455000 	C:\WINDOWS\System32\shlwapi.dll
0x00007ff9167c0000 - 0x00007ff9167e5000 	C:\WINDOWS\SYSTEM32\profapi.dll
0x00007ff8b5f70000 - 0x00007ff8b5f89000 	C:\Program Files\Android\Android Studio\jbr\bin\net.dll
0x00007ff90f910000 - 0x00007ff90fa1a000 	C:\WINDOWS\SYSTEM32\WINHTTP.dll
0x00007ff915f60000 - 0x00007ff915fca000 	C:\WINDOWS\system32\mswsock.dll
0x00007ff8b5f50000 - 0x00007ff8b5f66000 	C:\Program Files\Android\Android Studio\jbr\bin\nio.dll
0x00007ff8b5f40000 - 0x00007ff8b5f50000 	C:\Program Files\Android\Android Studio\jbr\bin\verify.dll
0x00007ff8fa130000 - 0x00007ff8fa157000 	C:\Users\Admin\.gradle\native\e1d6ef7f7dcc3fd88c89a11ec53ec762bb8ba0a96d01ffa2cd45eb1d1d8dd5c5\windows-amd64\native-platform.dll
0x00007ff8f9f50000 - 0x00007ff8fa094000 	C:\Users\Admin\.gradle\native\0d407fdbe67a94daf76414ababcb853783967236a71b16ec16e742cd7a986fd3\windows-amd64\native-platform-file-events.dll
0x00007ff8b5f30000 - 0x00007ff8b5f39000 	C:\Program Files\Android\Android Studio\jbr\bin\management.dll
0x00007ff8b4fd0000 - 0x00007ff8b4fdb000 	C:\Program Files\Android\Android Studio\jbr\bin\management_ext.dll
0x00007ff917910000 - 0x00007ff917918000 	C:\WINDOWS\System32\PSAPI.DLL
0x00007ff916160000 - 0x00007ff916178000 	C:\WINDOWS\SYSTEM32\CRYPTSP.dll
0x00007ff915870000 - 0x00007ff9158a4000 	C:\WINDOWS\system32\rsaenh.dll
0x00007ff916fa0000 - 0x00007ff916fc7000 	C:\WINDOWS\System32\bcrypt.dll
0x00007ff916740000 - 0x00007ff91676e000 	C:\WINDOWS\SYSTEM32\USERENV.dll
0x00007ff916150000 - 0x00007ff91615c000 	C:\WINDOWS\SYSTEM32\CRYPTBASE.dll
0x00007ff915c50000 - 0x00007ff915c8b000 	C:\WINDOWS\SYSTEM32\IPHLPAPI.DLL
0x00007ff919160000 - 0x00007ff919168000 	C:\WINDOWS\System32\NSI.dll
0x00007ff910cc0000 - 0x00007ff910cd7000 	C:\WINDOWS\SYSTEM32\dhcpcsvc6.DLL
0x00007ff910b10000 - 0x00007ff910b2d000 	C:\WINDOWS\SYSTEM32\dhcpcsvc.DLL
0x00007ff915c90000 - 0x00007ff915d5a000 	C:\WINDOWS\SYSTEM32\DNSAPI.dll
0x00007ff8b4fc0000 - 0x00007ff8b4fc7000 	C:\WINDOWS\system32\wshunix.dll
0x00007ff8c08f0000 - 0x00007ff8c0907000 	C:\WINDOWS\system32\napinsp.dll
0x00007ff8c08d0000 - 0x00007ff8c08eb000 	C:\WINDOWS\system32\pnrpnsp.dll
0x00007ff911220000 - 0x00007ff91123d000 	C:\WINDOWS\system32\NLAapi.dll
0x00007ff8f9890000 - 0x00007ff8f98a5000 	C:\WINDOWS\system32\wshbth.dll
0x00007ff8bfea0000 - 0x00007ff8bfeb2000 	C:\WINDOWS\System32\winrnr.dll
0x00007ff90cba0000 - 0x00007ff90cbaa000 	C:\Windows\System32\rasadhlp.dll
0x00007ff90c800000 - 0x00007ff90c882000 	C:\WINDOWS\System32\fwpuclnt.dll

dbghelp: loaded successfully - version: 4.0.5 - missing functions: none
symbol engine: initialized successfully - sym options: 0x614 - pdb path: .;C:\Program Files\Android\Android Studio\jbr\bin;C:\WINDOWS\SYSTEM32;C:\WINDOWS\WinSxS\amd64_microsoft.windows.common-controls_6595b64144ccf1df_6.0.19041.1110_none_60b5254171f9507e;C:\Program Files\Android\Android Studio\jbr\bin\server;C:\Users\Admin\.gradle\native\e1d6ef7f7dcc3fd88c89a11ec53ec762bb8ba0a96d01ffa2cd45eb1d1d8dd5c5\windows-amd64;C:\Users\Admin\.gradle\native\0d407fdbe67a94daf76414ababcb853783967236a71b16ec16e742cd7a986fd3\windows-amd64

VM Arguments:
jvm_args: --add-opens=java.base/java.util=ALL-UNNAMED --add-opens=java.base/java.lang=ALL-UNNAMED --add-opens=java.base/java.lang.invoke=ALL-UNNAMED --add-opens=java.base/java.util=ALL-UNNAMED --add-opens=java.prefs/java.util.prefs=ALL-UNNAMED --add-opens=java.prefs/java.util.prefs=ALL-UNNAMED --add-opens=java.base/java.nio.charset=ALL-UNNAMED --add-opens=java.base/java.net=ALL-UNNAMED --add-opens=java.base/java.util.concurrent.atomic=ALL-UNNAMED -Xmx1536m -Dfile.encoding=windows-1252 -Duser.country=IN -Duser.language=en -Duser.variant 
java_command: org.gradle.launcher.daemon.bootstrap.GradleDaemon 7.5.1
java_class_path (initial): C:\Users\Admin\.gradle\wrapper\dists\gradle-7.5.1-all\1ehga6e77gqps5uk2kc5kf1vc\gradle-7.5.1\lib\gradle-launcher-7.5.1.jar
Launcher Type: SUN_STANDARD

[Global flags]
     intx CICompilerCount                          = 3                                         {product} {ergonomic}
     uint ConcGCThreads                            = 1                                         {product} {ergonomic}
     uint G1ConcRefinementThreads                  = 4                                         {product} {ergonomic}
   size_t G1HeapRegionSize                         = 1048576                                   {product} {ergonomic}
    uintx GCDrainStackTargetSize                   = 64                                        {product} {ergonomic}
   size_t InitialHeapSize                          = 268435456                                 {product} {ergonomic}
   size_t MarkStackSize                            = 4194304                                   {product} {ergonomic}
   size_t MaxHeapSize                              = 1610612736                                {product} {command line}
   size_t MaxNewSize                               = 965738496                                 {product} {ergonomic}
   size_t MinHeapDeltaBytes                        = 1048576                                   {product} {ergonomic}
   size_t MinHeapSize                              = 8388608                                   {product} {ergonomic}
    uintx NonNMethodCodeHeapSize                   = 5832780                                {pd product} {ergonomic}
    uintx NonProfiledCodeHeapSize                  = 122912730                              {pd product} {ergonomic}
    uintx ProfiledCodeHeapSize                     = 122912730                              {pd product} {ergonomic}
    uintx ReservedCodeCacheSize                    = 251658240                              {pd product} {ergonomic}
     bool SegmentedCodeCache                       = true                                      {product} {ergonomic}
   size_t SoftMaxHeapSize                          = 1610612736                             {manageable} {ergonomic}
     bool UseCompressedClassPointers               = true                           {product lp64_product} {ergonomic}
     bool UseCompressedOops                        = true                           {product lp64_product} {ergonomic}
     bool UseG1GC                                  = true                                      {product} {ergonomic}
     bool UseLargePagesIndividualAllocation        = false                                  {pd product} {ergonomic}

Logging:
Log output configuration:
 #0: stdout all=warning uptime,level,tags
 #1: stderr all=off uptime,level,tags

Environment Variables:
PATH=C:\WINDOWS\system32;C:\WINDOWS;C:\WINDOWS\System32\Wbem;C:\WINDOWS\System32\WindowsPowerShell\v1.0\;C:\WINDOWS\System32\OpenSSH\;C:\Users\Admin\AppData\Local\Android\Sdk\platforms;C:\Users\Admin\AppData\Local\Android\Sdk\platform-tools;C:\Program Files\Android\Android Studio\jbr\bin;C:\Program Files\Git\cmd;C:\Users\Admin\AppData\Local\Microsoft\WindowsApps;C:\Users\Admin\AppData\Local\GitHubDesktop\bin;C:\Program Files\Android\Android Studio\jbr\bin;
USERNAME=Admin
OS=Windows_NT
PROCESSOR_IDENTIFIER=Intel64 Family 6 Model 60 Stepping 3, GenuineIntel
TMP=C:\Users\Admin\AppData\Local\Temp
TEMP=C:\Users\Admin\AppData\Local\Temp


JNI global refs:
JNI global refs: 26, weak refs: 2

JNI global refs memory usage: 843, weak refs: 841


---------------  S Y S T E M  ---------------

OS:
 Windows 10 , 64 bit Build 19041 (10.0.19041.3155)
OS uptime: 0 days 0:05 hours

CPU: total 4 (initial active 4) (4 cores per cpu, 1 threads per core) family 6 model 60 stepping 3 microcode 0x27, cx8, cmov, fxsr, mmx, sse, sse2, sse3, ssse3, sse4.1, sse4.2, popcnt, lzcnt, tsc, tscinvbit, avx, avx2, aes, erms, clmul, bmi1, bmi2, fma, vzeroupper, clflush

Memory: 4k page, system-wide physical 16295M (9419M free)
TotalPageFile size 18727M (AvailPageFile size 12189M)
current process WorkingSet (physical memory assigned to process): 558M, peak: 565M
current process commit charge ("private bytes"): 585M, peak: 591M

vm_info: OpenJDK 64-Bit Server VM (17.0.6+0-b2043.56-10027231) for windows-amd64 JRE (17.0.6+0-b2043.56-10027231), built on Apr 28 2023 00:43:19 by "androidbuild" with MS VC++ 16.10 / 16.11 (VS2019)

END.
